
==========================================================================
finish report_tns
--------------------------------------------------------------------------
tns 0.00

==========================================================================
finish report_wns
--------------------------------------------------------------------------
wns 0.00

==========================================================================
finish report_worst_slack
--------------------------------------------------------------------------
worst slack INF

==========================================================================
finish report_clock_skew
--------------------------------------------------------------------------
Clock clk
No launch/capture paths found.


==========================================================================
finish report_checks -path_delay min
--------------------------------------------------------------------------
No paths found.

==========================================================================
finish report_checks -path_delay max
--------------------------------------------------------------------------
No paths found.

==========================================================================
finish report_checks -unconstrained
--------------------------------------------------------------------------
Startpoint: float_b[8] (input port)
Endpoint: out5188 (output port)
Path Group: unconstrained
Path Type: max

Fanout     Cap    Slew   Delay    Time   Description
-----------------------------------------------------------------------------
                          0.00    0.00 v input external delay
     1    1.89    0.00    0.00    0.00 v float_b[8] (in)
                                         float_b[8] (net)
                  0.00    0.00    0.00 v input30/A (BUF_X1)
     2    3.80    0.01    0.03    0.03 v input30/Z (BUF_X1)
                                         net30 (net)
                  0.01    0.00    0.03 v _0861_/A (INV_X1)
     1    3.54    0.01    0.02    0.04 ^ _0861_/ZN (INV_X1)
                                         _0486_ (net)
                  0.01    0.00    0.04 ^ _1086_/B (HA_X1)
     1    3.70    0.03    0.06    0.10 ^ _1086_/S (HA_X1)
                                         _0487_ (net)
                  0.03    0.00    0.10 ^ _1088_/B (HA_X1)
     2    7.34    0.02    0.05    0.15 ^ _1088_/CO (HA_X1)
                                         _0445_ (net)
                  0.02    0.00    0.15 ^ _1071_/CI (FA_X1)
     1    1.61    0.01    0.09    0.24 v _1071_/S (FA_X1)
                                         _0447_ (net)
                  0.01    0.00    0.24 v _0598_/A (CLKBUF_X3)
     6   17.92    0.02    0.05    0.29 v _0598_/Z (CLKBUF_X3)
                                         _0041_ (net)
                  0.02    0.00    0.29 v _0599_/A1 (NOR2_X1)
     3    4.81    0.03    0.04    0.33 ^ _0599_/ZN (NOR2_X1)
                                         _0042_ (net)
                  0.03    0.00    0.33 ^ _0633_/A3 (NAND3_X1)
     1    1.72    0.01    0.02    0.36 v _0633_/ZN (NAND3_X1)
                                         _0076_ (net)
                  0.01    0.00    0.36 v _0634_/A (AOI21_X1)
     2    4.60    0.03    0.06    0.41 ^ _0634_/ZN (AOI21_X1)
                                         _0077_ (net)
                  0.03    0.00    0.41 ^ _0636_/B2 (AOI21_X1)
     1    1.61    0.01    0.02    0.43 v _0636_/ZN (AOI21_X1)
                                         _0079_ (net)
                  0.01    0.00    0.43 v _0640_/B1 (OAI33_X1)
     1    3.62    0.07    0.08    0.51 ^ _0640_/ZN (OAI33_X1)
                                         _0083_ (net)
                  0.07    0.00    0.51 ^ _0641_/A (BUF_X4)
     8   26.52    0.02    0.04    0.56 ^ _0641_/Z (BUF_X4)
                                         _0084_ (net)
                  0.02    0.00    0.56 ^ _0642_/A (BUF_X4)
    10   28.43    0.02    0.04    0.59 ^ _0642_/Z (BUF_X4)
                                         _0085_ (net)
                  0.02    0.00    0.59 ^ _0684_/A (BUF_X4)
    10   18.44    0.01    0.03    0.62 ^ _0684_/Z (BUF_X4)
                                         _0127_ (net)
                  0.01    0.00    0.63 ^ _0788_/A2 (AND3_X1)
     1    1.76    0.01    0.04    0.67 ^ _0788_/ZN (AND3_X1)
                                         _0225_ (net)
                  0.01    0.00    0.67 ^ _0789_/A (AOI21_X1)
     1    1.15    0.01    0.01    0.68 v _0789_/ZN (AOI21_X1)
                                         _0226_ (net)
                  0.01    0.00    0.68 v _0790_/B (MUX2_X1)
     3    5.92    0.01    0.07    0.75 v _0790_/Z (MUX2_X1)
                                         _0227_ (net)
                  0.01    0.00    0.75 v _0849_/A1 (NAND3_X1)
     1    3.49    0.02    0.02    0.77 ^ _0849_/ZN (NAND3_X1)
                                         _0278_ (net)
                  0.02    0.00    0.77 ^ _0853_/B1 (AOI221_X2)
     1    2.32    0.01    0.02    0.79 v _0853_/ZN (AOI221_X2)
                                         _0282_ (net)
                  0.01    0.00    0.79 v _0859_/B1 (OAI22_X1)
     1    1.07    0.03    0.04    0.83 ^ _0859_/ZN (OAI22_X1)
                                         _0288_ (net)
                  0.03    0.00    0.83 ^ _0860_/A3 (AND3_X1)
     1    3.74    0.01    0.05    0.88 ^ _0860_/ZN (AND3_X1)
                                         _0534_ (net)
                  0.01    0.00    0.88 ^ _1101_/A (HA_X1)
     2    5.40    0.02    0.04    0.93 ^ _1101_/CO (HA_X1)
                                         _0536_ (net)
                  0.02    0.00    0.93 ^ _1102_/B (HA_X1)
     2    4.05    0.01    0.04    0.97 ^ _1102_/CO (HA_X1)
                                         _0539_ (net)
                  0.01    0.00    0.97 ^ _0921_/A (INV_X1)
     3    7.21    0.01    0.02    0.98 v _0921_/ZN (INV_X1)
                                         _0317_ (net)
                  0.01    0.00    0.98 v _0941_/A1 (NOR4_X2)
     1    4.87    0.05    0.05    1.04 ^ _0941_/ZN (NOR4_X2)
                                         _0337_ (net)
                  0.05    0.00    1.04 ^ _0942_/B (XNOR2_X2)
     8   17.20    0.05    0.06    1.10 ^ _0942_/ZN (XNOR2_X2)
                                         _0338_ (net)
                  0.05    0.00    1.10 ^ _0943_/A (INV_X1)
     1    3.40    0.01    0.02    1.12 v _0943_/ZN (INV_X1)
                                         _0574_ (net)
                  0.01    0.00    1.12 v _1113_/B (HA_X1)
     2    5.44    0.01    0.04    1.15 v _1113_/CO (HA_X1)
                                         _0454_ (net)
                  0.01    0.00    1.15 v _1045_/B2 (AOI21_X1)
     1    2.18    0.02    0.03    1.19 ^ _1045_/ZN (AOI21_X1)
                                         _0422_ (net)
                  0.02    0.00    1.19 ^ _1047_/B1 (OAI21_X1)
     2    4.62    0.01    0.02    1.21 v _1047_/ZN (OAI21_X1)
                                         _0424_ (net)
                  0.01    0.00    1.21 v _1055_/B1 (AOI21_X1)
     1    3.54    0.03    0.04    1.25 ^ _1055_/ZN (AOI21_X1)
                                         _0430_ (net)
                  0.03    0.00    1.25 ^ _1056_/B1 (OAI21_X1)
     2    4.53    0.02    0.03    1.28 v _1056_/ZN (OAI21_X1)
                                         _0431_ (net)
                  0.02    0.00    1.28 v _1062_/B1 (AOI21_X1)
     1    2.06    0.02    0.03    1.31 ^ _1062_/ZN (AOI21_X1)
                                         _0435_ (net)
                  0.02    0.00    1.31 ^ _1063_/A (INV_X1)
     1    1.65    0.01    0.01    1.32 v _1063_/ZN (INV_X1)
                                         _0436_ (net)
                  0.01    0.00    1.32 v _1064_/B1 (AOI21_X1)
     1    2.51    0.03    0.03    1.35 ^ _1064_/ZN (AOI21_X1)
                                         _0437_ (net)
                  0.03    0.00    1.35 ^ _1066_/A (XOR2_X1)
     1    2.66    0.03    0.05    1.40 ^ _1066_/Z (XOR2_X1)
                                         _0439_ (net)
                  0.03    0.00    1.40 ^ _1067_/B (XNOR2_X1)
     1    1.02    0.02    0.04    1.44 ^ _1067_/ZN (XNOR2_X1)
                                         net46 (net)
                  0.02    0.00    1.44 ^ output46/A (BUF_X1)
     1    0.97    0.01    0.02    1.46 ^ output46/Z (BUF_X1)
                                         out5188 (net)
                  0.01    0.00    1.46 ^ out5188 (out)
                                  1.46   data arrival time
-----------------------------------------------------------------------------
(Path is unconstrained)



==========================================================================
finish report_check_types -max_slew -max_cap -max_fanout -violators
--------------------------------------------------------------------------

==========================================================================
finish max_slew_check_slack
--------------------------------------------------------------------------
0.1268402338027954

==========================================================================
finish max_slew_check_limit
--------------------------------------------------------------------------
0.1985349953174591

==========================================================================
finish max_slew_check_slack_limit
--------------------------------------------------------------------------
0.6389

==========================================================================
finish max_fanout_check_slack
--------------------------------------------------------------------------
1.0000000150474662e+30

==========================================================================
finish max_fanout_check_limit
--------------------------------------------------------------------------
1.0000000150474662e+30

==========================================================================
finish max_capacitance_check_slack
--------------------------------------------------------------------------
7.271133899688721

==========================================================================
finish max_capacitance_check_limit
--------------------------------------------------------------------------
10.47130012512207

==========================================================================
finish max_capacitance_check_slack_limit
--------------------------------------------------------------------------
0.6944

==========================================================================
finish max_slew_violation_count
--------------------------------------------------------------------------
max slew violation count 0

==========================================================================
finish max_fanout_violation_count
--------------------------------------------------------------------------
max fanout violation count 0

==========================================================================
finish max_cap_violation_count
--------------------------------------------------------------------------
max cap violation count 0

==========================================================================
finish setup_violation_count
--------------------------------------------------------------------------
setup violation count 0

==========================================================================
finish hold_violation_count
--------------------------------------------------------------------------
hold violation count 0

==========================================================================
finish report_checks -path_delay max reg to reg
--------------------------------------------------------------------------
No paths found.

==========================================================================
finish report_checks -path_delay min reg to reg
--------------------------------------------------------------------------
No paths found.

==========================================================================
finish critical path target clock latency max path
--------------------------------------------------------------------------
0

==========================================================================
finish critical path target clock latency min path
--------------------------------------------------------------------------
0

==========================================================================
finish critical path source clock latency min path
--------------------------------------------------------------------------
0

==========================================================================
finish critical path delay
--------------------------------------------------------------------------
-1

==========================================================================
finish critical path slack
--------------------------------------------------------------------------
0

==========================================================================
finish slack div critical path delay
--------------------------------------------------------------------------
0.000000

==========================================================================
finish report_power
--------------------------------------------------------------------------
Group                  Internal  Switching    Leakage      Total
                          Power      Power      Power      Power (Watts)
----------------------------------------------------------------
Sequential             8.82e-05   2.13e-05   8.56e-07   1.10e-04   5.6%
Combinational          9.49e-04   8.24e-04   2.14e-05   1.79e-03  91.8%
Clock                  2.96e-05   1.94e-05   9.17e-08   4.91e-05   2.5%
Macro                  0.00e+00   0.00e+00   0.00e+00   0.00e+00   0.0%
Pad                    0.00e+00   0.00e+00   0.00e+00   0.00e+00   0.0%
----------------------------------------------------------------
Total                  1.07e-03   8.65e-04   2.23e-05   1.95e-03 100.0%
                          54.6%      44.3%       1.1%
