
==========================================================================
finish report_tns
--------------------------------------------------------------------------
tns 0.00

==========================================================================
finish report_wns
--------------------------------------------------------------------------
wns 0.00

==========================================================================
finish report_worst_slack
--------------------------------------------------------------------------
worst slack INF

==========================================================================
finish report_clock_skew
--------------------------------------------------------------------------
Clock clk
No launch/capture paths found.


==========================================================================
finish report_checks -path_delay min
--------------------------------------------------------------------------
No paths found.

==========================================================================
finish report_checks -path_delay max
--------------------------------------------------------------------------
No paths found.

==========================================================================
finish report_checks -unconstrained
--------------------------------------------------------------------------
Startpoint: shift_amount[5] (input port)
Endpoint: out6366 (output port)
Path Group: unconstrained
Path Type: max

Fanout     Cap    Slew   Delay    Time   Description
-----------------------------------------------------------------------------
                          0.00    0.00 v input external delay
     1    1.87    0.00    0.00    0.00 v shift_amount[5] (in)
                                         shift_amount[5] (net)
                  0.00    0.00    0.00 v input6/A (BUF_X1)
     2    7.91    0.01    0.03    0.03 v input6/Z (BUF_X1)
                                         net6 (net)
                  0.01    0.00    0.03 v _118_/A4 (OR4_X2)
     1    7.03    0.02    0.12    0.15 v _118_/ZN (OR4_X2)
                                         _051_ (net)
                  0.02    0.00    0.15 v _119_/A (BUF_X8)
    10   18.95    0.01    0.03    0.18 v _119_/Z (BUF_X8)
                                         _052_ (net)
                  0.01    0.00    0.18 v _155_/A3 (OR3_X1)
     1    2.95    0.01    0.08    0.26 v _155_/ZN (OR3_X1)
                                         _085_ (net)
                  0.01    0.00    0.26 v _157_/B1 (AOI21_X2)
     2    5.27    0.03    0.03    0.30 ^ _157_/ZN (AOI21_X2)
                                         _087_ (net)
                  0.03    0.00    0.30 ^ _162_/A1 (OAI22_X2)
     2    5.36    0.02    0.02    0.32 v _162_/ZN (OAI22_X2)
                                         _092_ (net)
                  0.02    0.00    0.32 v _192_/B (AOI211_X2)
     1    1.75    0.03    0.06    0.38 ^ _192_/ZN (AOI211_X2)
                                         _022_ (net)
                  0.03    0.00    0.38 ^ _196_/B1 (AOI21_X1)
     1    3.04    0.01    0.02    0.40 v _196_/ZN (AOI21_X1)
                                         net19 (net)
                  0.01    0.00    0.40 v output19/A (BUF_X1)
     1    0.87    0.00    0.03    0.43 v output19/Z (BUF_X1)
                                         out6366 (net)
                  0.00    0.00    0.43 v out6366 (out)
                                  0.43   data arrival time
-----------------------------------------------------------------------------
(Path is unconstrained)



==========================================================================
finish report_check_types -max_slew -max_cap -max_fanout -violators
--------------------------------------------------------------------------

==========================================================================
finish max_slew_check_slack
--------------------------------------------------------------------------
0.12171733379364014

==========================================================================
finish max_slew_check_limit
--------------------------------------------------------------------------
0.1985349953174591

==========================================================================
finish max_slew_check_slack_limit
--------------------------------------------------------------------------
0.6131

==========================================================================
finish max_fanout_check_slack
--------------------------------------------------------------------------
1.0000000150474662e+30

==========================================================================
finish max_fanout_check_limit
--------------------------------------------------------------------------
1.0000000150474662e+30

==========================================================================
finish max_capacitance_check_slack
--------------------------------------------------------------------------
7.209560871124268

==========================================================================
finish max_capacitance_check_limit
--------------------------------------------------------------------------
10.47130012512207

==========================================================================
finish max_capacitance_check_slack_limit
--------------------------------------------------------------------------
0.6885

==========================================================================
finish max_slew_violation_count
--------------------------------------------------------------------------
max slew violation count 0

==========================================================================
finish max_fanout_violation_count
--------------------------------------------------------------------------
max fanout violation count 0

==========================================================================
finish max_cap_violation_count
--------------------------------------------------------------------------
max cap violation count 0

==========================================================================
finish setup_violation_count
--------------------------------------------------------------------------
setup violation count 0

==========================================================================
finish hold_violation_count
--------------------------------------------------------------------------
hold violation count 0

==========================================================================
finish critical path delay
--------------------------------------------------------------------------
-1

==========================================================================
finish critical path slack
--------------------------------------------------------------------------
0

==========================================================================
finish slack div critical path delay
--------------------------------------------------------------------------
0.000000

==========================================================================
finish report_power
--------------------------------------------------------------------------
Group                  Internal  Switching    Leakage      Total
                          Power      Power      Power      Power (Watts)
----------------------------------------------------------------
Sequential             0.00e+00   0.00e+00   0.00e+00   0.00e+00   0.0%
Combinational          3.12e-05   3.58e-05   4.12e-06   7.11e-05 100.0%
Clock                  0.00e+00   0.00e+00   0.00e+00   0.00e+00   0.0%
Macro                  0.00e+00   0.00e+00   0.00e+00   0.00e+00   0.0%
Pad                    0.00e+00   0.00e+00   0.00e+00   0.00e+00   0.0%
----------------------------------------------------------------
Total                  3.12e-05   3.58e-05   4.12e-06   7.11e-05 100.0%
                          43.8%      50.4%       5.8%
