
==========================================================================
finish report_tns
--------------------------------------------------------------------------
tns 0.00

==========================================================================
finish report_wns
--------------------------------------------------------------------------
wns 0.00

==========================================================================
finish report_worst_slack
--------------------------------------------------------------------------
worst slack INF

==========================================================================
finish report_clock_skew
--------------------------------------------------------------------------
Clock clk
No launch/capture paths found.


==========================================================================
finish report_checks -path_delay min
--------------------------------------------------------------------------
No paths found.

==========================================================================
finish report_checks -path_delay max
--------------------------------------------------------------------------
No paths found.

==========================================================================
finish report_checks -unconstrained
--------------------------------------------------------------------------
Startpoint: float_b[11] (input port)
Endpoint: out6203[4] (output port)
Path Group: unconstrained
Path Type: max

Fanout     Cap    Slew   Delay    Time   Description
-----------------------------------------------------------------------------
                          0.00    0.00 v input external delay
     1    1.88    0.00    0.00    0.00 v float_b[11] (in)
                                         float_b[11] (net)
                  0.00    0.00    0.00 v input19/A (BUF_X1)
     2    9.32    0.01    0.03    0.03 v input19/Z (BUF_X1)
                                         net19 (net)
                  0.01    0.00    0.04 v _110_/A (INV_X1)
     1    3.61    0.01    0.02    0.05 ^ _110_/ZN (INV_X1)
                                         _079_ (net)
                  0.01    0.00    0.05 ^ _210_/B (HA_X1)
     1    3.71    0.03    0.06    0.11 ^ _210_/S (HA_X1)
                                         _080_ (net)
                  0.03    0.00    0.11 ^ _211_/B (HA_X1)
     4   14.48    0.08    0.12    0.23 ^ _211_/S (HA_X1)
                                         _083_ (net)
                  0.08    0.00    0.23 ^ _124_/A2 (NAND3_X1)
     1    3.30    0.02    0.04    0.27 v _124_/ZN (NAND3_X1)
                                         _008_ (net)
                  0.02    0.00    0.27 v _127_/B2 (OAI221_X2)
     3   10.16    0.05    0.07    0.34 ^ _127_/ZN (OAI221_X2)
                                         _011_ (net)
                  0.05    0.00    0.34 ^ _128_/S (MUX2_X2)
     5   15.78    0.02    0.09    0.44 v _128_/Z (MUX2_X2)
                                         _012_ (net)
                  0.02    0.00    0.44 v _134_/A1 (NAND2_X4)
     5   20.27    0.02    0.03    0.46 ^ _134_/ZN (NAND2_X4)
                                         _018_ (net)
                  0.02    0.00    0.46 ^ _135_/A (BUF_X8)
    10   25.36    0.01    0.03    0.49 ^ _135_/Z (BUF_X8)
                                         _019_ (net)
                  0.01    0.00    0.49 ^ _184_/S (MUX2_X1)
     1    7.29    0.02    0.07    0.56 v _184_/Z (MUX2_X1)
                                         net46 (net)
                  0.02    0.00    0.56 v output46/A (BUF_X1)
     1    1.12    0.01    0.03    0.59 v output46/Z (BUF_X1)
                                         out6203[4] (net)
                  0.01    0.00    0.59 v out6203[4] (out)
                                  0.59   data arrival time
-----------------------------------------------------------------------------
(Path is unconstrained)



==========================================================================
finish report_check_types -max_slew -max_cap -max_fanout -violators
--------------------------------------------------------------------------

==========================================================================
finish max_slew_check_slack
--------------------------------------------------------------------------
0.11953965574502945

==========================================================================
finish max_slew_check_limit
--------------------------------------------------------------------------
0.1985349953174591

==========================================================================
finish max_slew_check_slack_limit
--------------------------------------------------------------------------
0.6021

==========================================================================
finish max_fanout_check_slack
--------------------------------------------------------------------------
1.0000000150474662e+30

==========================================================================
finish max_fanout_check_limit
--------------------------------------------------------------------------
1.0000000150474662e+30

==========================================================================
finish max_capacitance_check_slack
--------------------------------------------------------------------------
10.772710800170898

==========================================================================
finish max_capacitance_check_limit
--------------------------------------------------------------------------
25.253299713134766

==========================================================================
finish max_capacitance_check_slack_limit
--------------------------------------------------------------------------
0.4266

==========================================================================
finish max_slew_violation_count
--------------------------------------------------------------------------
max slew violation count 0

==========================================================================
finish max_fanout_violation_count
--------------------------------------------------------------------------
max fanout violation count 0

==========================================================================
finish max_cap_violation_count
--------------------------------------------------------------------------
max cap violation count 0

==========================================================================
finish setup_violation_count
--------------------------------------------------------------------------
setup violation count 0

==========================================================================
finish hold_violation_count
--------------------------------------------------------------------------
hold violation count 0

==========================================================================
finish critical path delay
--------------------------------------------------------------------------
-1

==========================================================================
finish critical path slack
--------------------------------------------------------------------------
0

==========================================================================
finish slack div critical path delay
--------------------------------------------------------------------------
0.000000

==========================================================================
finish report_power
--------------------------------------------------------------------------
Group                  Internal  Switching    Leakage      Total
                          Power      Power      Power      Power (Watts)
----------------------------------------------------------------
Sequential             0.00e+00   0.00e+00   0.00e+00   0.00e+00   0.0%
Combinational          1.71e-04   1.50e-04   6.27e-06   3.28e-04 100.0%
Clock                  0.00e+00   0.00e+00   0.00e+00   0.00e+00   0.0%
Macro                  0.00e+00   0.00e+00   0.00e+00   0.00e+00   0.0%
Pad                    0.00e+00   0.00e+00   0.00e+00   0.00e+00   0.0%
----------------------------------------------------------------
Total                  1.71e-04   1.50e-04   6.27e-06   3.28e-04 100.0%
                          52.3%      45.8%       1.9%
