
==========================================================================
finish report_tns
--------------------------------------------------------------------------
tns 0.00

==========================================================================
finish report_wns
--------------------------------------------------------------------------
wns 0.00

==========================================================================
finish report_worst_slack
--------------------------------------------------------------------------
worst slack INF

==========================================================================
finish report_clock_skew
--------------------------------------------------------------------------
Clock clk
No launch/capture paths found.


==========================================================================
finish report_checks -path_delay min
--------------------------------------------------------------------------
No paths found.

==========================================================================
finish report_checks -path_delay max
--------------------------------------------------------------------------
No paths found.

==========================================================================
finish report_checks -unconstrained
--------------------------------------------------------------------------
Startpoint: float_b[24] (input port)
Endpoint: tmp13951[23]$_SDFF_PP0_ (rising edge-triggered flip-flop)
Path Group: unconstrained
Path Type: max

Fanout     Cap    Slew   Delay    Time   Description
-----------------------------------------------------------------------------
                          0.00    0.00 ^ input external delay
     1    2.16    0.00    0.00    0.00 ^ float_b[24] (in)
                                         float_b[24] (net)
                  0.00    0.00    0.00 ^ input48/A (BUF_X1)
     2    4.70    0.01    0.03    0.03 ^ input48/Z (BUF_X1)
                                         net48 (net)
                  0.01    0.00    0.03 ^ _2805_/A (INV_X1)
     1    3.58    0.01    0.01    0.04 v _2805_/ZN (INV_X1)
                                         _1539_ (net)
                  0.01    0.00    0.04 v _3286_/B (HA_X1)
     1    3.74    0.01    0.06    0.10 v _3286_/S (HA_X1)
                                         _1540_ (net)
                  0.01    0.00    0.10 v _3288_/B (HA_X1)
     2    7.34    0.01    0.04    0.14 v _3288_/CO (HA_X1)
                                         _1493_ (net)
                  0.01    0.00    0.14 v _3271_/A (FA_X1)
     1    1.67    0.01    0.07    0.21 v _3271_/CO (FA_X1)
                                         _1496_ (net)
                  0.01    0.00    0.21 v _1989_/A (BUF_X2)
     3   13.07    0.01    0.03    0.25 v _1989_/Z (BUF_X2)
                                         _0888_ (net)
                  0.01    0.00    0.25 v _1990_/B (XNOR2_X2)
    10   41.92    0.10    0.13    0.38 ^ _1990_/ZN (XNOR2_X2)
                                         _0889_ (net)
                  0.10    0.00    0.38 ^ _1991_/A3 (NAND3_X4)
     6   19.78    0.03    0.04    0.42 v _1991_/ZN (NAND3_X4)
                                         _0890_ (net)
                  0.03    0.00    0.42 v _2035_/A (AOI221_X2)
     4    9.81    0.06    0.10    0.53 ^ _2035_/ZN (AOI221_X2)
                                         _0934_ (net)
                  0.06    0.00    0.53 ^ _2045_/B2 (AOI221_X2)
     2    7.32    0.02    0.04    0.57 v _2045_/ZN (AOI221_X2)
                                         _0944_ (net)
                  0.02    0.00    0.57 v _2047_/A2 (NOR3_X4)
    10   53.46    0.11    0.14    0.71 ^ _2047_/ZN (NOR3_X4)
                                         _0946_ (net)
                  0.11    0.01    0.71 ^ _2048_/C2 (OAI211_X4)
     6   21.74    0.04    0.06    0.77 v _2048_/ZN (OAI211_X4)
                                         _0947_ (net)
                  0.04    0.00    0.77 v _2049_/A (BUF_X4)
    10   40.72    0.01    0.05    0.83 v _2049_/Z (BUF_X4)
                                         _0948_ (net)
                  0.01    0.00    0.83 v _2054_/A (BUF_X8)
    10   33.43    0.01    0.03    0.86 v _2054_/Z (BUF_X8)
                                         _0953_ (net)
                  0.01    0.00    0.86 v _2170_/S (MUX2_X1)
     3    5.63    0.01    0.06    0.92 v _2170_/Z (MUX2_X1)
                                         _1069_ (net)
                  0.01    0.00    0.92 v _2172_/A1 (AND2_X1)
     1    6.28    0.01    0.04    0.95 v _2172_/ZN (AND2_X1)
                                         _1071_ (net)
                  0.01    0.00    0.95 v _2173_/A4 (NOR4_X4)
     2    8.66    0.05    0.09    1.04 ^ _2173_/ZN (NOR4_X4)
                                         _1072_ (net)
                  0.05    0.00    1.04 ^ _2206_/B1 (OAI221_X2)
     3    8.69    0.02    0.04    1.09 v _2206_/ZN (OAI221_X2)
                                         _1105_ (net)
                  0.02    0.00    1.09 v _2207_/A (INV_X1)
     1    3.55    0.01    0.02    1.11 ^ _2207_/ZN (INV_X1)
                                         _1628_ (net)
                  0.01    0.00    1.11 ^ _3310_/B (HA_X1)
     4   12.21    0.03    0.06    1.17 ^ _3310_/CO (HA_X1)
                                         _1629_ (net)
                  0.03    0.00    1.17 ^ _2582_/A1 (AND4_X2)
     4   12.52    0.02    0.07    1.24 ^ _2582_/ZN (AND4_X2)
                                         _1473_ (net)
                  0.02    0.00    1.24 ^ _2609_/A3 (AND3_X1)
     1    2.71    0.01    0.05    1.29 ^ _2609_/ZN (AND3_X1)
                                         _0053_ (net)
                  0.01    0.00    1.29 ^ _2610_/B (XNOR2_X1)
     1    1.78    0.02    0.04    1.33 ^ _2610_/ZN (XNOR2_X1)
                                         _0054_ (net)
                  0.02    0.00    1.33 ^ _2611_/A2 (NOR2_X1)
     1    3.13    0.01    0.02    1.34 v _2611_/ZN (NOR2_X1)
                                         _1638_ (net)
                  0.01    0.00    1.34 v _3314_/A (HA_X1)
     1    1.67    0.01    0.05    1.39 v _3314_/S (HA_X1)
                                         _1641_ (net)
                  0.01    0.00    1.39 v _3058_/A (BUF_X2)
     5   15.42    0.01    0.04    1.43 v _3058_/Z (BUF_X2)
                                         _0433_ (net)
                  0.01    0.00    1.43 v _3073_/A1 (AND2_X1)
     3   10.43    0.01    0.04    1.47 v _3073_/ZN (AND2_X1)
                                         _0448_ (net)
                  0.01    0.00    1.47 v _3105_/B2 (AOI22_X4)
     1    6.66    0.02    0.05    1.52 ^ _3105_/ZN (AOI22_X4)
                                         _0480_ (net)
                  0.02    0.00    1.52 ^ _3116_/B (OAI211_X4)
     4   16.13    0.02    0.04    1.56 v _3116_/ZN (OAI211_X4)
                                         _0491_ (net)
                  0.02    0.00    1.56 v _3121_/B1 (OAI221_X2)
     2    6.18    0.04    0.06    1.62 ^ _3121_/ZN (OAI221_X2)
                                         _0496_ (net)
                  0.04    0.00    1.62 ^ _3129_/B1 (AOI21_X2)
     3    5.31    0.02    0.02    1.64 v _3129_/ZN (AOI21_X2)
                                         _0504_ (net)
                  0.02    0.00    1.64 v _1692_/A4 (OR4_X1)
     1    3.20    0.02    0.12    1.77 v _1692_/ZN (OR4_X1)
                                         _0638_ (net)
                  0.02    0.00    1.77 v _1695_/A2 (NAND3_X2)
     3    9.75    0.02    0.03    1.80 ^ _1695_/ZN (NAND3_X2)
                                         _0641_ (net)
                  0.02    0.00    1.80 ^ _1711_/B (OAI211_X2)
     4    6.87    0.02    0.03    1.83 v _1711_/ZN (OAI211_X2)
                                         _0655_ (net)
                  0.02    0.00    1.83 v _1722_/A1 (OR2_X1)
     1    1.61    0.01    0.05    1.88 v _1722_/ZN (OR2_X1)
                                         _0665_ (net)
                  0.01    0.00    1.88 v _1723_/A4 (NOR4_X1)
     2    3.10    0.05    0.09    1.98 ^ _1723_/ZN (NOR4_X1)
                                         _0666_ (net)
                  0.05    0.00    1.98 ^ _1743_/A1 (AND3_X1)
     3    5.14    0.02    0.07    2.04 ^ _1743_/ZN (AND3_X1)
                                         _0684_ (net)
                  0.02    0.00    2.04 ^ _1755_/A3 (OR3_X1)
     1    1.63    0.01    0.03    2.07 ^ _1755_/ZN (OR3_X1)
                                         _0696_ (net)
                  0.01    0.00    2.07 ^ _1756_/A3 (NOR3_X1)
     1    1.59    0.01    0.01    2.08 v _1756_/ZN (NOR3_X1)
                                         _0697_ (net)
                  0.01    0.00    2.08 v _1758_/A3 (NOR4_X1)
     1    2.30    0.05    0.08    2.16 ^ _1758_/ZN (NOR4_X1)
                                         _0037_ (net)
                  0.05    0.00    2.16 ^ tmp13951[23]$_SDFF_PP0_/D (DFF_X1)
                                  2.16   data arrival time
-----------------------------------------------------------------------------
(Path is unconstrained)



==========================================================================
finish report_check_types -max_slew -max_cap -max_fanout -violators
--------------------------------------------------------------------------

==========================================================================
finish max_slew_check_slack
--------------------------------------------------------------------------
0.09278874099254608

==========================================================================
finish max_slew_check_limit
--------------------------------------------------------------------------
0.1985349953174591

==========================================================================
finish max_slew_check_slack_limit
--------------------------------------------------------------------------
0.4674

==========================================================================
finish max_fanout_check_slack
--------------------------------------------------------------------------
1.0000000150474662e+30

==========================================================================
finish max_fanout_check_limit
--------------------------------------------------------------------------
1.0000000150474662e+30

==========================================================================
finish max_capacitance_check_slack
--------------------------------------------------------------------------
4.196319103240967

==========================================================================
finish max_capacitance_check_limit
--------------------------------------------------------------------------
11.482199668884277

==========================================================================
finish max_capacitance_check_slack_limit
--------------------------------------------------------------------------
0.3655

==========================================================================
finish max_slew_violation_count
--------------------------------------------------------------------------
max slew violation count 0

==========================================================================
finish max_fanout_violation_count
--------------------------------------------------------------------------
max fanout violation count 0

==========================================================================
finish max_cap_violation_count
--------------------------------------------------------------------------
max cap violation count 0

==========================================================================
finish setup_violation_count
--------------------------------------------------------------------------
setup violation count 0

==========================================================================
finish hold_violation_count
--------------------------------------------------------------------------
hold violation count 0

==========================================================================
finish report_checks -path_delay max reg to reg
--------------------------------------------------------------------------
No paths found.

==========================================================================
finish report_checks -path_delay min reg to reg
--------------------------------------------------------------------------
No paths found.

==========================================================================
finish critical path target clock latency max path
--------------------------------------------------------------------------
0

==========================================================================
finish critical path target clock latency min path
--------------------------------------------------------------------------
0

==========================================================================
finish critical path source clock latency min path
--------------------------------------------------------------------------
0

==========================================================================
finish critical path delay
--------------------------------------------------------------------------
-1

==========================================================================
finish critical path slack
--------------------------------------------------------------------------
0

==========================================================================
finish slack div critical path delay
--------------------------------------------------------------------------
0.000000

==========================================================================
finish report_power
--------------------------------------------------------------------------
Group                  Internal  Switching    Leakage      Total
                          Power      Power      Power      Power (Watts)
----------------------------------------------------------------
Sequential             2.67e-04   8.98e-05   2.12e-06   3.59e-04   3.3%
Combinational          5.26e-03   5.07e-03   7.08e-05   1.04e-02  96.2%
Clock                  2.16e-05   3.11e-05   1.06e-07   5.27e-05   0.5%
Macro                  0.00e+00   0.00e+00   0.00e+00   0.00e+00   0.0%
Pad                    0.00e+00   0.00e+00   0.00e+00   0.00e+00   0.0%
----------------------------------------------------------------
Total                  5.55e-03   5.19e-03   7.30e-05   1.08e-02 100.0%
                          51.3%      48.0%       0.7%
