
==========================================================================
finish report_tns
--------------------------------------------------------------------------
tns 0.00

==========================================================================
finish report_wns
--------------------------------------------------------------------------
wns 0.00

==========================================================================
finish report_worst_slack
--------------------------------------------------------------------------
worst slack INF

==========================================================================
finish report_clock_skew
--------------------------------------------------------------------------
Clock clk
No launch/capture paths found.


==========================================================================
finish report_checks -path_delay min
--------------------------------------------------------------------------
No paths found.

==========================================================================
finish report_checks -path_delay max
--------------------------------------------------------------------------
No paths found.

==========================================================================
finish report_checks -unconstrained
--------------------------------------------------------------------------
Startpoint: lzc[0] (input port)
Endpoint: out6865[6] (output port)
Path Group: unconstrained
Path Type: max

Fanout     Cap    Slew   Delay    Time   Description
-----------------------------------------------------------------------------
                          0.00    0.00 v input external delay
     1    2.13    0.00    0.00    0.00 v lzc[0] (in)
                                         lzc[0] (net)
                  0.00    0.00    0.00 v input29/A (BUF_X1)
     2    6.59    0.01    0.03    0.03 v input29/Z (BUF_X1)
                                         net29 (net)
                  0.01    0.00    0.03 v _172_/A (CLKBUF_X3)
    10   19.54    0.02    0.05    0.08 v _172_/Z (CLKBUF_X3)
                                         _117_ (net)
                  0.02    0.00    0.08 v _173_/S (MUX2_X1)
     2    2.21    0.01    0.05    0.13 ^ _173_/Z (MUX2_X1)
                                         _118_ (net)
                  0.01    0.00    0.13 ^ _174_/A2 (AND2_X1)
     3    5.04    0.02    0.04    0.17 ^ _174_/ZN (AND2_X1)
                                         _119_ (net)
                  0.02    0.00    0.17 ^ _175_/A2 (AND2_X1)
     2    5.70    0.02    0.04    0.22 ^ _175_/ZN (AND2_X1)
                                         _132_ (net)
                  0.02    0.00    0.22 ^ _176_/A3 (NOR3_X1)
     1    1.64    0.01    0.01    0.23 v _176_/ZN (NOR3_X1)
                                         _120_ (net)
                  0.01    0.00    0.23 v _177_/A2 (NOR2_X1)
     1    3.95    0.03    0.04    0.27 ^ _177_/ZN (NOR2_X1)
                                         _129_ (net)
                  0.03    0.00    0.27 ^ _317_/B (HA_X1)
     3    6.34    0.02    0.05    0.32 ^ _317_/CO (HA_X1)
                                         _130_ (net)
                  0.02    0.00    0.32 ^ _318_/A (HA_X1)
     3    6.13    0.02    0.04    0.36 ^ _318_/CO (HA_X1)
                                         _133_ (net)
                  0.02    0.00    0.36 ^ _198_/A1 (NAND2_X1)
     3    6.52    0.02    0.03    0.39 v _198_/ZN (NAND2_X1)
                                         _013_ (net)
                  0.02    0.00    0.39 v _204_/B (AOI211_X4)
     5   11.00    0.01    0.11    0.50 ^ _204_/ZN (AOI211_X4)
                                         _019_ (net)
                  0.01    0.00    0.50 ^ _220_/A1 (NAND2_X1)
     2    6.11    0.02    0.02    0.53 v _220_/ZN (NAND2_X1)
                                         _035_ (net)
                  0.02    0.00    0.53 v _221_/B (XNOR2_X2)
     5   11.18    0.04    0.05    0.58 ^ _221_/ZN (XNOR2_X2)
                                         _036_ (net)
                  0.04    0.00    0.58 ^ _222_/A (INV_X1)
     1    3.67    0.01    0.02    0.60 v _222_/ZN (INV_X1)
                                         _163_ (net)
                  0.01    0.00    0.60 v _330_/A (HA_X1)
     2    5.43    0.01    0.04    0.63 v _330_/CO (HA_X1)
                                         _124_ (net)
                  0.01    0.00    0.63 v _316_/A (FA_X1)
     2    6.39    0.02    0.08    0.72 v _316_/CO (FA_X1)
                                         _127_ (net)
                  0.02    0.00    0.72 v _290_/B2 (AOI21_X1)
     1    1.93    0.02    0.04    0.75 ^ _290_/ZN (AOI21_X1)
                                         _091_ (net)
                  0.02    0.00    0.75 ^ _291_/B1 (OAI21_X1)
     2    4.38    0.01    0.02    0.78 v _291_/ZN (OAI21_X1)
                                         _092_ (net)
                  0.01    0.00    0.78 v _297_/B1 (AOI21_X1)
     1    1.91    0.02    0.03    0.81 ^ _297_/ZN (AOI21_X1)
                                         _096_ (net)
                  0.02    0.00    0.81 ^ _298_/A (INV_X1)
     1    1.52    0.01    0.01    0.81 v _298_/ZN (INV_X1)
                                         _097_ (net)
                  0.01    0.00    0.81 v _299_/B1 (AOI21_X1)
     1    2.70    0.03    0.03    0.85 ^ _299_/ZN (AOI21_X1)
                                         _098_ (net)
                  0.03    0.00    0.85 ^ _300_/B (XNOR2_X1)
     1    2.64    0.02    0.05    0.89 ^ _300_/ZN (XNOR2_X1)
                                         net48 (net)
                  0.02    0.00    0.89 ^ output48/A (BUF_X1)
     1    1.01    0.01    0.02    0.91 ^ output48/Z (BUF_X1)
                                         out6865[6] (net)
                  0.01    0.00    0.91 ^ out6865[6] (out)
                                  0.91   data arrival time
-----------------------------------------------------------------------------
(Path is unconstrained)



==========================================================================
finish report_check_types -max_slew -max_cap -max_fanout -violators
--------------------------------------------------------------------------

==========================================================================
finish max_slew_check_slack
--------------------------------------------------------------------------
0.14777907729148865

==========================================================================
finish max_slew_check_limit
--------------------------------------------------------------------------
0.1985349953174591

==========================================================================
finish max_slew_check_slack_limit
--------------------------------------------------------------------------
0.7443

==========================================================================
finish max_fanout_check_slack
--------------------------------------------------------------------------
1.0000000150474662e+30

==========================================================================
finish max_fanout_check_limit
--------------------------------------------------------------------------
1.0000000150474662e+30

==========================================================================
finish max_capacitance_check_slack
--------------------------------------------------------------------------
8.600529670715332

==========================================================================
finish max_capacitance_check_limit
--------------------------------------------------------------------------
10.47130012512207

==========================================================================
finish max_capacitance_check_slack_limit
--------------------------------------------------------------------------
0.8213

==========================================================================
finish max_slew_violation_count
--------------------------------------------------------------------------
max slew violation count 0

==========================================================================
finish max_fanout_violation_count
--------------------------------------------------------------------------
max fanout violation count 0

==========================================================================
finish max_cap_violation_count
--------------------------------------------------------------------------
max cap violation count 0

==========================================================================
finish setup_violation_count
--------------------------------------------------------------------------
setup violation count 0

==========================================================================
finish hold_violation_count
--------------------------------------------------------------------------
hold violation count 0

==========================================================================
finish critical path delay
--------------------------------------------------------------------------
-1

==========================================================================
finish critical path slack
--------------------------------------------------------------------------
0

==========================================================================
finish slack div critical path delay
--------------------------------------------------------------------------
0.000000

==========================================================================
finish report_power
--------------------------------------------------------------------------
Group                  Internal  Switching    Leakage      Total
                          Power      Power      Power      Power (Watts)
----------------------------------------------------------------
Sequential             0.00e+00   0.00e+00   0.00e+00   0.00e+00   0.0%
Combinational          9.83e-05   8.34e-05   7.12e-06   1.89e-04 100.0%
Clock                  0.00e+00   0.00e+00   0.00e+00   0.00e+00   0.0%
Macro                  0.00e+00   0.00e+00   0.00e+00   0.00e+00   0.0%
Pad                    0.00e+00   0.00e+00   0.00e+00   0.00e+00   0.0%
----------------------------------------------------------------
Total                  9.83e-05   8.34e-05   7.12e-06   1.89e-04 100.0%
                          52.1%      44.2%       3.8%
