
==========================================================================
finish report_tns
--------------------------------------------------------------------------
tns 0.00

==========================================================================
finish report_wns
--------------------------------------------------------------------------
wns 0.00

==========================================================================
finish report_worst_slack
--------------------------------------------------------------------------
worst slack INF

==========================================================================
finish report_clock_skew
--------------------------------------------------------------------------
Clock clk
No launch/capture paths found.


==========================================================================
finish report_checks -path_delay min
--------------------------------------------------------------------------
No paths found.

==========================================================================
finish report_checks -path_delay max
--------------------------------------------------------------------------
No paths found.

==========================================================================
finish report_checks -unconstrained
--------------------------------------------------------------------------
Startpoint: mant_unchanged[0] (input port)
Endpoint: out6419[2] (output port)
Path Group: unconstrained
Path Type: max

Fanout     Cap    Slew   Delay    Time   Description
-----------------------------------------------------------------------------
                          0.00    0.00 v input external delay
     1    1.75    0.00    0.00    0.00 v mant_unchanged[0] (in)
                                         mant_unchanged[0] (net)
                  0.00    0.00    0.00 v input9/A (BUF_X1)
     2    6.90    0.01    0.03    0.03 v input9/Z (BUF_X1)
                                         net9 (net)
                  0.01    0.00    0.03 v _336_/A (INV_X1)
     1    3.52    0.01    0.02    0.05 ^ _336_/ZN (INV_X1)
                                         _172_ (net)
                  0.01    0.00    0.05 ^ _364_/B (HA_X1)
     1    1.87    0.01    0.03    0.08 ^ _364_/CO (HA_X1)
                                         _173_ (net)
                  0.01    0.00    0.08 ^ _188_/A (INV_X1)
     3    8.42    0.01    0.02    0.10 v _188_/ZN (INV_X1)
                                         _140_ (net)
                  0.01    0.00    0.10 v _351_/CI (FA_X1)
     2    4.68    0.02    0.07    0.17 v _351_/CO (FA_X1)
                                         _141_ (net)
                  0.02    0.00    0.17 v _266_/A2 (NAND2_X1)
     1    3.23    0.01    0.02    0.20 ^ _266_/ZN (NAND2_X1)
                                         _046_ (net)
                  0.01    0.00    0.20 ^ _267_/A (OAI21_X2)
     2   10.01    0.01    0.03    0.22 v _267_/ZN (OAI21_X2)
                                         _047_ (net)
                  0.01    0.00    0.22 v _268_/B (XOR2_X2)
     3    9.89    0.01    0.06    0.29 v _268_/Z (XOR2_X2)
                                         _048_ (net)
                  0.01    0.00    0.29 v _269_/A4 (NOR4_X4)
     5   12.63    0.06    0.10    0.39 ^ _269_/ZN (NOR4_X4)
                                         _049_ (net)
                  0.06    0.00    0.39 ^ _270_/A3 (NAND3_X1)
     1    1.12    0.01    0.02    0.41 v _270_/ZN (NAND3_X1)
                                         _050_ (net)
                  0.01    0.00    0.41 v _271_/A2 (OR2_X1)
     4    8.56    0.02    0.06    0.48 v _271_/ZN (OR2_X1)
                                         _051_ (net)
                  0.02    0.00    0.48 v _318_/S (MUX2_X1)
     1    5.82    0.01    0.06    0.54 v _318_/Z (MUX2_X1)
                                         _081_ (net)
                  0.01    0.00    0.54 v _322_/A1 (AOI22_X4)
     4    7.26    0.03    0.03    0.57 ^ _322_/ZN (AOI22_X4)
                                         _085_ (net)
                  0.03    0.00    0.57 ^ _335_/A1 (NOR2_X1)
     1    3.14    0.01    0.01    0.59 v _335_/ZN (NOR2_X1)
                                         _184_ (net)
                  0.01    0.00    0.59 v _369_/A (HA_X1)
     2    2.44    0.01    0.03    0.61 v _369_/CO (HA_X1)
                                         _186_ (net)
                  0.01    0.00    0.61 v _345_/A1 (OR3_X1)
     1    1.43    0.01    0.06    0.68 v _345_/ZN (OR3_X1)
                                         _104_ (net)
                  0.01    0.00    0.68 v _346_/B2 (AOI21_X1)
     1    1.57    0.02    0.03    0.71 ^ _346_/ZN (AOI21_X1)
                                         net29 (net)
                  0.02    0.00    0.71 ^ output29/A (BUF_X1)
     1    1.29    0.01    0.02    0.73 ^ output29/Z (BUF_X1)
                                         out6419[2] (net)
                  0.01    0.00    0.73 ^ out6419[2] (out)
                                  0.73   data arrival time
-----------------------------------------------------------------------------
(Path is unconstrained)



==========================================================================
finish report_check_types -max_slew -max_cap -max_fanout -violators
--------------------------------------------------------------------------

==========================================================================
finish max_slew_check_slack
--------------------------------------------------------------------------
0.14067624509334564

==========================================================================
finish max_slew_check_limit
--------------------------------------------------------------------------
0.1985349953174591

==========================================================================
finish max_slew_check_slack_limit
--------------------------------------------------------------------------
0.7086

==========================================================================
finish max_fanout_check_slack
--------------------------------------------------------------------------
1.0000000150474662e+30

==========================================================================
finish max_fanout_check_limit
--------------------------------------------------------------------------
1.0000000150474662e+30

==========================================================================
finish max_capacitance_check_slack
--------------------------------------------------------------------------
8.689223289489746

==========================================================================
finish max_capacitance_check_limit
--------------------------------------------------------------------------
10.47130012512207

==========================================================================
finish max_capacitance_check_slack_limit
--------------------------------------------------------------------------
0.8298

==========================================================================
finish max_slew_violation_count
--------------------------------------------------------------------------
max slew violation count 0

==========================================================================
finish max_fanout_violation_count
--------------------------------------------------------------------------
max fanout violation count 0

==========================================================================
finish max_cap_violation_count
--------------------------------------------------------------------------
max cap violation count 0

==========================================================================
finish setup_violation_count
--------------------------------------------------------------------------
setup violation count 0

==========================================================================
finish hold_violation_count
--------------------------------------------------------------------------
hold violation count 0

==========================================================================
finish critical path delay
--------------------------------------------------------------------------
-1

==========================================================================
finish critical path slack
--------------------------------------------------------------------------
0

==========================================================================
finish slack div critical path delay
--------------------------------------------------------------------------
0.000000

==========================================================================
finish report_power
--------------------------------------------------------------------------
Group                  Internal  Switching    Leakage      Total
                          Power      Power      Power      Power (Watts)
----------------------------------------------------------------
Sequential             0.00e+00   0.00e+00   0.00e+00   0.00e+00   0.0%
Combinational          1.88e-04   1.66e-04   7.60e-06   3.62e-04 100.0%
Clock                  0.00e+00   0.00e+00   0.00e+00   0.00e+00   0.0%
Macro                  0.00e+00   0.00e+00   0.00e+00   0.00e+00   0.0%
Pad                    0.00e+00   0.00e+00   0.00e+00   0.00e+00   0.0%
----------------------------------------------------------------
Total                  1.88e-04   1.66e-04   7.60e-06   3.62e-04 100.0%
                          52.0%      45.9%       2.1%
