
==========================================================================
finish report_tns
--------------------------------------------------------------------------
tns 0.00

==========================================================================
finish report_wns
--------------------------------------------------------------------------
wns 0.00

==========================================================================
finish report_worst_slack
--------------------------------------------------------------------------
worst slack INF

==========================================================================
finish report_clock_skew
--------------------------------------------------------------------------
Clock clk
No launch/capture paths found.


==========================================================================
finish report_checks -path_delay min
--------------------------------------------------------------------------
No paths found.

==========================================================================
finish report_checks -path_delay max
--------------------------------------------------------------------------
No paths found.

==========================================================================
finish report_checks -unconstrained
--------------------------------------------------------------------------
Startpoint: float_a[23] (input port)
Endpoint: out16548[2] (output port)
Path Group: unconstrained
Path Type: max

Fanout     Cap    Slew   Delay    Time   Description
-----------------------------------------------------------------------------
                          0.00    0.00 v input external delay
     1    1.52    0.00    0.00    0.00 v float_a[23] (in)
                                         float_a[23] (net)
                  0.00    0.00    0.00 v input16/A (BUF_X1)
     2    8.30    0.01    0.03    0.03 v input16/Z (BUF_X1)
                                         net16 (net)
                  0.01    0.00    0.03 v _088_/A (INV_X1)
     1    3.54    0.01    0.02    0.05 ^ _088_/ZN (INV_X1)
                                         _083_ (net)
                  0.01    0.00    0.05 ^ _224_/A (HA_X1)
     1    2.15    0.01    0.03    0.08 ^ _224_/CO (HA_X1)
                                         _084_ (net)
                  0.01    0.00    0.08 ^ _086_/A (INV_X1)
     2    5.94    0.01    0.01    0.10 v _086_/ZN (INV_X1)
                                         _056_ (net)
                  0.01    0.00    0.10 v _215_/CI (FA_X1)
     2    6.95    0.02    0.08    0.18 v _215_/CO (FA_X1)
                                         _057_ (net)
                  0.02    0.00    0.18 v _103_/C1 (AOI211_X2)
     2    5.84    0.05    0.05    0.23 ^ _103_/ZN (AOI211_X2)
                                         _005_ (net)
                  0.05    0.00    0.23 ^ _105_/A2 (NOR3_X2)
     2    6.86    0.01    0.02    0.25 v _105_/ZN (NOR3_X2)
                                         _007_ (net)
                  0.01    0.00    0.25 v _108_/C1 (OAI221_X2)
     2   11.01    0.05    0.05    0.30 ^ _108_/ZN (OAI221_X2)
                                         _010_ (net)
                  0.05    0.00    0.30 ^ _109_/B2 (AOI21_X4)
     3   11.68    0.01    0.03    0.33 v _109_/ZN (AOI21_X4)
                                         _011_ (net)
                  0.01    0.00    0.33 v _110_/A2 (NOR2_X4)
     6   25.73    0.04    0.05    0.38 ^ _110_/ZN (NOR2_X4)
                                         _012_ (net)
                  0.04    0.00    0.38 ^ _111_/A (BUF_X4)
    10   29.92    0.02    0.04    0.42 ^ _111_/Z (BUF_X4)
                                         net74 (net)
                  0.02    0.00    0.42 ^ _159_/S (MUX2_X1)
     1   12.33    0.02    0.08    0.50 v _159_/Z (MUX2_X1)
                                         net77 (net)
                  0.02    0.00    0.51 v output77/A (BUF_X1)
     1    0.66    0.00    0.03    0.54 v output77/Z (BUF_X1)
                                         out16548[2] (net)
                  0.00    0.00    0.54 v out16548[2] (out)
                                  0.54   data arrival time
-----------------------------------------------------------------------------
(Path is unconstrained)



==========================================================================
finish report_check_types -max_slew -max_cap -max_fanout -violators
--------------------------------------------------------------------------

==========================================================================
finish max_slew_check_slack
--------------------------------------------------------------------------
0.132897287607193

==========================================================================
finish max_slew_check_limit
--------------------------------------------------------------------------
0.1985349953174591

==========================================================================
finish max_slew_check_slack_limit
--------------------------------------------------------------------------
0.6694

==========================================================================
finish max_fanout_check_slack
--------------------------------------------------------------------------
1.0000000150474662e+30

==========================================================================
finish max_fanout_check_limit
--------------------------------------------------------------------------
1.0000000150474662e+30

==========================================================================
finish max_capacitance_check_slack
--------------------------------------------------------------------------
13.747745513916016

==========================================================================
finish max_capacitance_check_limit
--------------------------------------------------------------------------
25.253299713134766

==========================================================================
finish max_capacitance_check_slack_limit
--------------------------------------------------------------------------
0.5444

==========================================================================
finish max_slew_violation_count
--------------------------------------------------------------------------
max slew violation count 0

==========================================================================
finish max_fanout_violation_count
--------------------------------------------------------------------------
max fanout violation count 0

==========================================================================
finish max_cap_violation_count
--------------------------------------------------------------------------
max cap violation count 0

==========================================================================
finish setup_violation_count
--------------------------------------------------------------------------
setup violation count 0

==========================================================================
finish hold_violation_count
--------------------------------------------------------------------------
hold violation count 0

==========================================================================
finish critical path delay
--------------------------------------------------------------------------
-1

==========================================================================
finish critical path slack
--------------------------------------------------------------------------
0

==========================================================================
finish slack div critical path delay
--------------------------------------------------------------------------
0.000000

==========================================================================
finish report_power
--------------------------------------------------------------------------
Group                  Internal  Switching    Leakage      Total
                          Power      Power      Power      Power (Watts)
----------------------------------------------------------------
Sequential             0.00e+00   0.00e+00   0.00e+00   0.00e+00   0.0%
Combinational          1.22e-04   1.22e-04   8.56e-06   2.52e-04 100.0%
Clock                  0.00e+00   0.00e+00   0.00e+00   0.00e+00   0.0%
Macro                  0.00e+00   0.00e+00   0.00e+00   0.00e+00   0.0%
Pad                    0.00e+00   0.00e+00   0.00e+00   0.00e+00   0.0%
----------------------------------------------------------------
Total                  1.22e-04   1.22e-04   8.56e-06   2.52e-04 100.0%
                          48.4%      48.3%       3.4%
