
==========================================================================
finish report_tns
--------------------------------------------------------------------------
tns 0.00

==========================================================================
finish report_wns
--------------------------------------------------------------------------
wns 0.00

==========================================================================
finish report_worst_slack
--------------------------------------------------------------------------
worst slack INF

==========================================================================
finish report_clock_skew
--------------------------------------------------------------------------
Clock clk
No launch/capture paths found.


==========================================================================
finish report_checks -path_delay min
--------------------------------------------------------------------------
No paths found.

==========================================================================
finish report_checks -path_delay max
--------------------------------------------------------------------------
No paths found.

==========================================================================
finish report_checks -unconstrained
--------------------------------------------------------------------------
Startpoint: float_a[23] (input port)
Endpoint: out13326 (output port)
Path Group: unconstrained
Path Type: max

Fanout     Cap    Slew   Delay    Time   Description
-----------------------------------------------------------------------------
                          0.00    0.00 v input external delay
     1    1.34    0.00    0.00    0.00 v float_a[23] (in)
                                         float_a[23] (net)
                  0.00    0.00    0.00 v input16/A (BUF_X1)
     2    2.74    0.01    0.02    0.02 v input16/Z (BUF_X1)
                                         net16 (net)
                  0.01    0.00    0.02 v _3658_/A (INV_X1)
     1    3.36    0.01    0.02    0.04 ^ _3658_/ZN (INV_X1)
                                         _1696_ (net)
                  0.01    0.00    0.04 ^ _3715_/A (HA_X1)
     2    9.93    0.03    0.05    0.09 ^ _3715_/CO (HA_X1)
                                         _1697_ (net)
                  0.03    0.00    0.09 ^ _2385_/A (INV_X2)
     3   10.49    0.01    0.02    0.11 v _2385_/ZN (INV_X2)
                                         _1660_ (net)
                  0.01    0.00    0.11 v _3704_/CI (FA_X1)
     1    2.04    0.01    0.07    0.18 v _3704_/CO (FA_X1)
                                         _1661_ (net)
                  0.01    0.00    0.18 v _2401_/A (BUF_X2)
     4   10.56    0.01    0.03    0.21 v _2401_/Z (BUF_X2)
                                         _1044_ (net)
                  0.01    0.00    0.21 v _2403_/C1 (AOI211_X2)
     3   15.48    0.08    0.09    0.30 ^ _2403_/ZN (AOI211_X2)
                                         _1046_ (net)
                  0.08    0.00    0.30 ^ _2437_/A (AOI21_X4)
     3   11.25    0.02    0.02    0.32 v _2437_/ZN (AOI21_X4)
                                         _1079_ (net)
                  0.02    0.00    0.32 v _2438_/B (XNOR2_X2)
     3   10.62    0.03    0.06    0.38 ^ _2438_/ZN (XNOR2_X2)
                                         _1080_ (net)
                  0.03    0.00    0.38 ^ _2441_/B (OAI211_X4)
     7   16.60    0.02    0.04    0.42 v _2441_/ZN (OAI211_X4)
                                         _1083_ (net)
                  0.02    0.00    0.42 v _2468_/A3 (OR3_X1)
     1    1.44    0.01    0.08    0.50 v _2468_/ZN (OR3_X1)
                                         _1110_ (net)
                  0.01    0.00    0.50 v _2470_/B1 (OAI33_X1)
     1    3.52    0.07    0.08    0.58 ^ _2470_/ZN (OAI33_X1)
                                         _1112_ (net)
                  0.07    0.00    0.59 ^ _2471_/A (BUF_X4)
     5   30.20    0.02    0.04    0.63 ^ _2471_/Z (BUF_X4)
                                         _1113_ (net)
                  0.02    0.00    0.63 ^ _2498_/B1 (OAI21_X4)
     7   31.72    0.02    0.03    0.66 v _2498_/ZN (OAI21_X4)
                                         _1140_ (net)
                  0.02    0.00    0.66 v _2499_/A2 (NOR2_X4)
    10   27.38    0.04    0.06    0.72 ^ _2499_/ZN (NOR2_X4)
                                         _1141_ (net)
                  0.04    0.00    0.72 ^ _2506_/A (CLKBUF_X3)
    10   22.94    0.02    0.06    0.78 ^ _2506_/Z (CLKBUF_X3)
                                         _1148_ (net)
                  0.02    0.00    0.78 ^ _2530_/A (CLKBUF_X3)
    10   21.35    0.02    0.05    0.83 ^ _2530_/Z (CLKBUF_X3)
                                         _1172_ (net)
                  0.02    0.00    0.83 ^ _2531_/S (MUX2_X1)
     1    1.22    0.01    0.06    0.89 v _2531_/Z (MUX2_X1)
                                         _1173_ (net)
                  0.01    0.00    0.89 v _2533_/A (MUX2_X1)
     4    5.65    0.01    0.07    0.96 v _2533_/Z (MUX2_X1)
                                         _1175_ (net)
                  0.01    0.00    0.96 v _2539_/A (MUX2_X1)
     2    3.57    0.01    0.06    1.02 v _2539_/Z (MUX2_X1)
                                         _1181_ (net)
                  0.01    0.00    1.02 v _2540_/A2 (NOR2_X1)
     2    3.96    0.03    0.04    1.06 ^ _2540_/ZN (NOR2_X1)
                                         _1182_ (net)
                  0.03    0.00    1.06 ^ _2551_/A (AOI21_X1)
     1    1.66    0.01    0.02    1.08 v _2551_/ZN (AOI21_X1)
                                         _1193_ (net)
                  0.01    0.00    1.08 v _2558_/B (MUX2_X1)
     2    5.27    0.01    0.07    1.15 v _2558_/Z (MUX2_X1)
                                         _1200_ (net)
                  0.01    0.00    1.15 v _2577_/A1 (AOI22_X2)
     1    3.55    0.02    0.03    1.18 ^ _2577_/ZN (AOI22_X2)
                                         _1219_ (net)
                  0.02    0.00    1.18 ^ _2578_/A2 (NOR2_X2)
     2    7.41    0.01    0.02    1.20 v _2578_/ZN (NOR2_X2)
                                         _1705_ (net)
                  0.01    0.00    1.20 v _3719_/B (HA_X1)
     2    5.02    0.01    0.04    1.23 v _3719_/CO (HA_X1)
                                         _1708_ (net)
                  0.01    0.00    1.23 v _2750_/A (INV_X1)
     2    7.27    0.02    0.03    1.26 ^ _2750_/ZN (INV_X1)
                                         _1668_ (net)
                  0.02    0.00    1.26 ^ _3706_/A (FA_X1)
     1    1.22    0.01    0.09    1.35 v _3706_/S (FA_X1)
                                         _1671_ (net)
                  0.01    0.00    1.35 v _2647_/B (MUX2_X1)
     1    7.75    0.02    0.07    1.42 v _2647_/Z (MUX2_X1)
                                         _1284_ (net)
                  0.02    0.00    1.42 v _2648_/A (INV_X2)
     4   14.32    0.02    0.03    1.45 ^ _2648_/ZN (INV_X2)
                                         _1732_ (net)
                  0.02    0.00    1.45 ^ _3727_/A (HA_X1)
     1    1.42    0.01    0.03    1.48 ^ _3727_/CO (HA_X1)
                                         _1734_ (net)
                  0.01    0.00    1.48 ^ _3081_/A (CLKBUF_X2)
     6   11.04    0.02    0.04    1.52 ^ _3081_/Z (CLKBUF_X2)
                                         _0014_ (net)
                  0.02    0.00    1.52 ^ _3084_/A1 (NAND2_X2)
     3    8.95    0.02    0.02    1.54 v _3084_/ZN (NAND2_X2)
                                         _0017_ (net)
                  0.02    0.00    1.54 v _3085_/A3 (OR3_X2)
     2    8.42    0.02    0.09    1.63 v _3085_/ZN (OR3_X2)
                                         _0018_ (net)
                  0.02    0.00    1.63 v _3086_/A4 (NOR4_X4)
     4   15.16    0.06    0.11    1.73 ^ _3086_/ZN (NOR4_X4)
                                         _0019_ (net)
                  0.06    0.00    1.73 ^ _3087_/A2 (NAND2_X2)
     4   14.00    0.02    0.04    1.77 v _3087_/ZN (NAND2_X2)
                                         _0020_ (net)
                  0.02    0.00    1.77 v _3331_/A3 (OR3_X2)
     4    7.20    0.01    0.09    1.86 v _3331_/ZN (OR3_X2)
                                         _0264_ (net)
                  0.01    0.00    1.86 v _3336_/B2 (OAI33_X1)
     1    1.54    0.06    0.08    1.94 ^ _3336_/ZN (OAI33_X1)
                                         _0269_ (net)
                  0.06    0.00    1.94 ^ wire100/A (CLKBUF_X2)
     2   11.57    0.02    0.05    1.99 ^ wire100/Z (CLKBUF_X2)
                                         net100 (net)
                  0.02    0.00    1.99 ^ _3337_/A2 (NOR2_X4)
     4   12.59    0.01    0.01    2.00 v _3337_/ZN (NOR2_X4)
                                         _0270_ (net)
                  0.01    0.00    2.00 v _3490_/A2 (OR4_X1)
     1    2.41    0.02    0.10    2.11 v _3490_/ZN (OR4_X1)
                                         _0423_ (net)
                  0.02    0.00    2.11 v _3491_/B3 (OAI33_X1)
     1    3.59    0.07    0.10    2.21 ^ _3491_/ZN (OAI33_X1)
                                         _0424_ (net)
                  0.07    0.00    2.21 ^ _3492_/A (BUF_X4)
     6   27.85    0.02    0.04    2.25 ^ _3492_/Z (BUF_X4)
                                         _0425_ (net)
                  0.02    0.00    2.25 ^ _3493_/A2 (NOR2_X4)
    10   29.83    0.01    0.02    2.27 v _3493_/ZN (NOR2_X4)
                                         _0426_ (net)
                  0.01    0.00    2.27 v _3494_/A (INV_X4)
    10   31.58    0.02    0.03    2.30 ^ _3494_/ZN (INV_X4)
                                         _1867_ (net)
                  0.02    0.00    2.30 ^ _3766_/A (HA_X1)
     1    1.66    0.01    0.02    2.32 v _3766_/S (HA_X1)
                                         _1870_ (net)
                  0.01    0.00    2.32 v _3539_/A (BUF_X2)
     7   16.99    0.01    0.04    2.36 v _3539_/Z (BUF_X2)
                                         _0470_ (net)
                  0.01    0.00    2.36 v _3540_/A (INV_X2)
     6   21.10    0.03    0.03    2.39 ^ _3540_/ZN (INV_X2)
                                         _0471_ (net)
                  0.03    0.00    2.39 ^ _3620_/A2 (NAND3_X1)
     1    2.20    0.01    0.03    2.42 v _3620_/ZN (NAND3_X1)
                                         _0548_ (net)
                  0.01    0.00    2.42 v _3622_/A (MUX2_X2)
     4   11.34    0.01    0.07    2.48 v _3622_/Z (MUX2_X2)
                                         _0550_ (net)
                  0.01    0.00    2.48 v _3629_/B1 (AOI221_X2)
     4   23.20    0.11    0.15    2.63 ^ _3629_/ZN (AOI221_X2)
                                         _1875_ (net)
                  0.11    0.00    2.64 ^ _3643_/A1 (NOR2_X1)
     1    3.08    0.02    0.01    2.65 v _3643_/ZN (NOR2_X1)
                                         _0570_ (net)
                  0.02    0.00    2.65 v _3646_/B2 (AOI221_X2)
     1   13.73    0.08    0.12    2.77 ^ _3646_/ZN (AOI221_X2)
                                         _1872_ (net)
                  0.08    0.00    2.78 ^ _3767_/B (HA_X1)
     2    5.48    0.02    0.05    2.83 ^ _3767_/CO (HA_X1)
                                         _1873_ (net)
                  0.02    0.00    2.83 ^ _3768_/B (HA_X1)
     1    1.72    0.01    0.03    2.86 ^ _3768_/CO (HA_X1)
                                         _1876_ (net)
                  0.01    0.00    2.86 ^ _2153_/A (INV_X1)
     2    5.63    0.01    0.01    2.88 v _2153_/ZN (INV_X1)
                                         _0828_ (net)
                  0.01    0.00    2.88 v _2154_/A1 (NOR3_X2)
     2    8.44    0.04    0.05    2.93 ^ _2154_/ZN (NOR3_X2)
                                         _0829_ (net)
                  0.04    0.00    2.93 ^ _2155_/A4 (NAND4_X4)
     4    9.61    0.02    0.04    2.97 v _2155_/ZN (NAND4_X4)
                                         _0830_ (net)
                  0.02    0.00    2.97 v _2164_/A3 (NOR4_X2)
     3    6.15    0.05    0.09    3.07 ^ _2164_/ZN (NOR4_X2)
                                         _0839_ (net)
                  0.05    0.00    3.07 ^ _2175_/A3 (NAND4_X1)
     1    3.65    0.02    0.05    3.11 v _2175_/ZN (NAND4_X1)
                                         _0850_ (net)
                  0.02    0.00    3.11 v _2176_/A4 (NOR4_X2)
     2    3.94    0.04    0.09    3.20 ^ _2176_/ZN (NOR4_X2)
                                         _0851_ (net)
                  0.04    0.00    3.20 ^ _2177_/A2 (OR2_X2)
     2    9.76    0.01    0.04    3.24 ^ _2177_/ZN (OR2_X2)
                                         _0852_ (net)
                  0.01    0.00    3.24 ^ _2178_/A (INV_X4)
     4   13.67    0.01    0.01    3.25 v _2178_/ZN (INV_X4)
                                         _0853_ (net)
                  0.01    0.00    3.25 v _2179_/A (BUF_X8)
    10   24.21    0.01    0.03    3.28 v _2179_/Z (BUF_X8)
                                         _0854_ (net)
                  0.01    0.00    3.28 v _2180_/A (BUF_X4)
    10   23.05    0.01    0.03    3.31 v _2180_/Z (BUF_X4)
                                         _1911_ (net)
                  0.01    0.00    3.31 v _3779_/B (HA_X1)
     2    4.85    0.01    0.04    3.35 v _3779_/CO (HA_X1)
                                         _1674_ (net)
                  0.01    0.00    3.35 v _3707_/CI (FA_X1)
     2    3.89    0.02    0.07    3.42 v _3707_/CO (FA_X1)
                                         _1675_ (net)
                  0.02    0.00    3.42 v _2363_/B2 (AOI21_X1)
     1    1.98    0.02    0.04    3.46 ^ _2363_/ZN (AOI21_X1)
                                         _1012_ (net)
                  0.02    0.00    3.46 ^ _2364_/B1 (OAI21_X1)
     2    4.28    0.01    0.02    3.48 v _2364_/ZN (OAI21_X1)
                                         _1013_ (net)
                  0.01    0.00    3.48 v _2370_/B1 (AOI21_X1)
     1    1.82    0.02    0.03    3.51 ^ _2370_/ZN (AOI21_X1)
                                         _1017_ (net)
                  0.02    0.00    3.51 ^ _2371_/A (INV_X1)
     1    1.74    0.01    0.01    3.52 v _2371_/ZN (INV_X1)
                                         _1018_ (net)
                  0.01    0.00    3.52 v _2372_/B1 (AOI21_X1)
     1    2.64    0.03    0.03    3.55 ^ _2372_/ZN (AOI21_X1)
                                         _1019_ (net)
                  0.03    0.00    3.55 ^ _2373_/B (XNOR2_X1)
     1    2.68    0.02    0.05    3.59 ^ _2373_/ZN (XNOR2_X1)
                                         net94 (net)
                  0.02    0.00    3.59 ^ output94/A (BUF_X1)
     1    0.65    0.01    0.02    3.62 ^ output94/Z (BUF_X1)
                                         out13326 (net)
                  0.01    0.00    3.62 ^ out13326 (out)
                                  3.62   data arrival time
-----------------------------------------------------------------------------
(Path is unconstrained)



==========================================================================
finish report_check_types -max_slew -max_cap -max_fanout -violators
--------------------------------------------------------------------------

==========================================================================
finish max_slew_check_slack
--------------------------------------------------------------------------
0.0838543176651001

==========================================================================
finish max_slew_check_limit
--------------------------------------------------------------------------
0.1985349953174591

==========================================================================
finish max_slew_check_slack_limit
--------------------------------------------------------------------------
0.4224

==========================================================================
finish max_fanout_check_slack
--------------------------------------------------------------------------
1.0000000150474662e+30

==========================================================================
finish max_fanout_check_limit
--------------------------------------------------------------------------
1.0000000150474662e+30

==========================================================================
finish max_capacitance_check_slack
--------------------------------------------------------------------------
2.032315731048584

==========================================================================
finish max_capacitance_check_limit
--------------------------------------------------------------------------
11.482199668884277

==========================================================================
finish max_capacitance_check_slack_limit
--------------------------------------------------------------------------
0.1770

==========================================================================
finish max_slew_violation_count
--------------------------------------------------------------------------
max slew violation count 0

==========================================================================
finish max_fanout_violation_count
--------------------------------------------------------------------------
max fanout violation count 0

==========================================================================
finish max_cap_violation_count
--------------------------------------------------------------------------
max cap violation count 0

==========================================================================
finish setup_violation_count
--------------------------------------------------------------------------
setup violation count 0

==========================================================================
finish hold_violation_count
--------------------------------------------------------------------------
hold violation count 0

==========================================================================
finish critical path delay
--------------------------------------------------------------------------
-1

==========================================================================
finish critical path slack
--------------------------------------------------------------------------
0

==========================================================================
finish slack div critical path delay
--------------------------------------------------------------------------
0.000000

==========================================================================
finish report_power
--------------------------------------------------------------------------
Group                  Internal  Switching    Leakage      Total
                          Power      Power      Power      Power (Watts)
----------------------------------------------------------------
Sequential             0.00e+00   0.00e+00   0.00e+00   0.00e+00   0.0%
Combinational          2.79e-03   3.08e-03   8.27e-05   5.95e-03 100.0%
Clock                  0.00e+00   0.00e+00   0.00e+00   0.00e+00   0.0%
Macro                  0.00e+00   0.00e+00   0.00e+00   0.00e+00   0.0%
Pad                    0.00e+00   0.00e+00   0.00e+00   0.00e+00   0.0%
----------------------------------------------------------------
Total                  2.79e-03   3.08e-03   8.27e-05   5.95e-03 100.0%
                          46.9%      51.7%       1.4%
