
==========================================================================
finish report_tns
--------------------------------------------------------------------------
tns 0.00

==========================================================================
finish report_wns
--------------------------------------------------------------------------
wns 0.00

==========================================================================
finish report_worst_slack
--------------------------------------------------------------------------
worst slack INF

==========================================================================
finish report_clock_skew
--------------------------------------------------------------------------
Clock clk
No launch/capture paths found.


==========================================================================
finish report_checks -path_delay min
--------------------------------------------------------------------------
No paths found.

==========================================================================
finish report_checks -path_delay max
--------------------------------------------------------------------------
No paths found.

==========================================================================
finish report_checks -unconstrained
--------------------------------------------------------------------------
Startpoint: float_b[6] (input port)
Endpoint: out1328[1] (output port)
Path Group: unconstrained
Path Type: max

Fanout     Cap    Slew   Delay    Time   Description
-----------------------------------------------------------------------------
                          0.00    0.00 ^ input external delay
     1    2.00    0.00    0.00    0.00 ^ float_b[6] (in)
                                         float_b[6] (net)
                  0.00    0.00    0.00 ^ input15/A (BUF_X1)
     2    6.34    0.02    0.03    0.03 ^ input15/Z (BUF_X1)
                                         net15 (net)
                  0.02    0.00    0.03 ^ _42_/A (INV_X1)
     1    3.45    0.01    0.01    0.04 v _42_/ZN (INV_X1)
                                         _19_ (net)
                  0.01    0.00    0.04 v _76_/B (HA_X1)
     1    3.85    0.01    0.06    0.10 v _76_/S (HA_X1)
                                         _21_ (net)
                  0.01    0.00    0.10 v _77_/B (HA_X1)
     3    5.13    0.01    0.06    0.16 v _77_/S (HA_X1)
                                         _24_ (net)
                  0.01    0.00    0.17 v _49_/A1 (AND2_X1)
     1    1.73    0.01    0.03    0.20 v _49_/ZN (AND2_X1)
                                         _01_ (net)
                  0.01    0.00    0.20 v _50_/B2 (AOI221_X4)
     3   10.38    0.01    0.13    0.32 ^ _50_/ZN (AOI221_X4)
                                         _02_ (net)
                  0.01    0.00    0.32 ^ _51_/B (XNOR2_X2)
     2    5.74    0.02    0.04    0.36 ^ _51_/ZN (XNOR2_X2)
                                         _03_ (net)
                  0.02    0.00    0.36 ^ _52_/A (BUF_X4)
    10   24.37    0.02    0.04    0.40 ^ _52_/Z (BUF_X4)
                                         _04_ (net)
                  0.02    0.00    0.40 ^ _73_/S (MUX2_X1)
     1    5.52    0.01    0.07    0.47 v _73_/Z (MUX2_X1)
                                         net30 (net)
                  0.01    0.00    0.47 v output30/A (BUF_X1)
     1    0.88    0.00    0.03    0.50 v output30/Z (BUF_X1)
                                         out1328[1] (net)
                  0.00    0.00    0.50 v out1328[1] (out)
                                  0.50   data arrival time
-----------------------------------------------------------------------------
(Path is unconstrained)



==========================================================================
finish report_check_types -max_slew -max_cap -max_fanout -violators
--------------------------------------------------------------------------

==========================================================================
finish max_slew_check_slack
--------------------------------------------------------------------------
0.14059683680534363

==========================================================================
finish max_slew_check_limit
--------------------------------------------------------------------------
0.1985349953174591

==========================================================================
finish max_slew_check_slack_limit
--------------------------------------------------------------------------
0.7082

==========================================================================
finish max_fanout_check_slack
--------------------------------------------------------------------------
1.0000000150474662e+30

==========================================================================
finish max_fanout_check_limit
--------------------------------------------------------------------------
1.0000000150474662e+30

==========================================================================
finish max_capacitance_check_slack
--------------------------------------------------------------------------
15.478022575378418

==========================================================================
finish max_capacitance_check_limit
--------------------------------------------------------------------------
25.253299713134766

==========================================================================
finish max_capacitance_check_slack_limit
--------------------------------------------------------------------------
0.6129

==========================================================================
finish max_slew_violation_count
--------------------------------------------------------------------------
max slew violation count 0

==========================================================================
finish max_fanout_violation_count
--------------------------------------------------------------------------
max fanout violation count 0

==========================================================================
finish max_cap_violation_count
--------------------------------------------------------------------------
max cap violation count 0

==========================================================================
finish setup_violation_count
--------------------------------------------------------------------------
setup violation count 0

==========================================================================
finish hold_violation_count
--------------------------------------------------------------------------
hold violation count 0

==========================================================================
finish critical path delay
--------------------------------------------------------------------------
-1

==========================================================================
finish critical path slack
--------------------------------------------------------------------------
0

==========================================================================
finish slack div critical path delay
--------------------------------------------------------------------------
0.000000

==========================================================================
finish report_power
--------------------------------------------------------------------------
Group                  Internal  Switching    Leakage      Total
                          Power      Power      Power      Power (Watts)
----------------------------------------------------------------
Sequential             0.00e+00   0.00e+00   0.00e+00   0.00e+00   0.0%
Combinational          9.11e-05   6.39e-05   2.48e-06   1.57e-04 100.0%
Clock                  0.00e+00   0.00e+00   0.00e+00   0.00e+00   0.0%
Macro                  0.00e+00   0.00e+00   0.00e+00   0.00e+00   0.0%
Pad                    0.00e+00   0.00e+00   0.00e+00   0.00e+00   0.0%
----------------------------------------------------------------
Total                  9.11e-05   6.39e-05   2.48e-06   1.57e-04 100.0%
                          57.8%      40.6%       1.6%
