
==========================================================================
finish report_tns
--------------------------------------------------------------------------
tns 0.00

==========================================================================
finish report_wns
--------------------------------------------------------------------------
wns 0.00

==========================================================================
finish report_worst_slack
--------------------------------------------------------------------------
worst slack INF

==========================================================================
finish report_clock_skew
--------------------------------------------------------------------------
Clock clk
No launch/capture paths found.


==========================================================================
finish report_checks -path_delay min
--------------------------------------------------------------------------
No paths found.

==========================================================================
finish report_checks -path_delay max
--------------------------------------------------------------------------
No paths found.

==========================================================================
finish report_checks -unconstrained
--------------------------------------------------------------------------
Startpoint: lzc[0] (input port)
Endpoint: out1717[2] (output port)
Path Group: unconstrained
Path Type: max

Fanout     Cap    Slew   Delay    Time   Description
-----------------------------------------------------------------------------
                          0.00    0.00 ^ input external delay
     1    1.91    0.00    0.00    0.00 ^ lzc[0] (in)
                                         lzc[0] (net)
                  0.00    0.00    0.00 ^ input17/A (BUF_X1)
     2    6.46    0.02    0.03    0.03 ^ input17/Z (BUF_X1)
                                         net17 (net)
                  0.02    0.00    0.03 ^ _090_/A (BUF_X2)
     7   14.70    0.02    0.04    0.07 ^ _090_/Z (BUF_X2)
                                         _030_ (net)
                  0.02    0.00    0.07 ^ _091_/S (MUX2_X1)
     2    2.25    0.01    0.06    0.13 v _091_/Z (MUX2_X1)
                                         _031_ (net)
                  0.01    0.00    0.13 v _095_/A1 (AND2_X1)
     2    5.50    0.01    0.04    0.17 v _095_/ZN (AND2_X1)
                                         _066_ (net)
                  0.01    0.00    0.17 v _096_/A3 (NOR3_X1)
     1    2.19    0.03    0.05    0.22 ^ _096_/ZN (NOR3_X1)
                                         _035_ (net)
                  0.03    0.00    0.22 ^ _097_/A2 (NOR2_X1)
     1    3.27    0.01    0.02    0.24 v _097_/ZN (NOR2_X1)
                                         _062_ (net)
                  0.01    0.00    0.24 v _163_/A (HA_X1)
     2    4.62    0.01    0.03    0.27 v _163_/CO (HA_X1)
                                         _064_ (net)
                  0.01    0.00    0.27 v _164_/A (HA_X1)
     1    1.44    0.01    0.03    0.30 v _164_/CO (HA_X1)
                                         _067_ (net)
                  0.01    0.00    0.30 v _113_/A (CLKBUF_X2)
     5    8.53    0.01    0.03    0.33 v _113_/Z (CLKBUF_X2)
                                         _047_ (net)
                  0.01    0.00    0.33 v _116_/A2 (AND4_X1)
     2    6.40    0.01    0.05    0.38 v _116_/ZN (AND4_X1)
                                         _050_ (net)
                  0.01    0.00    0.38 v _117_/C2 (OAI211_X2)
     1    4.67    0.02    0.04    0.42 ^ _117_/ZN (OAI211_X2)
                                         _051_ (net)
                  0.02    0.00    0.42 ^ _118_/B (XOR2_X2)
     2    5.70    0.03    0.06    0.47 ^ _118_/Z (XOR2_X2)
                                         _084_ (net)
                  0.03    0.00    0.47 ^ _171_/A (HA_X1)
     2    4.29    0.01    0.04    0.52 ^ _171_/CO (HA_X1)
                                         _086_ (net)
                  0.01    0.00    0.52 ^ _099_/A (INV_X1)
     1    3.70    0.01    0.01    0.53 v _099_/ZN (INV_X1)
                                         _057_ (net)
                  0.01    0.00    0.53 v _162_/A (FA_X1)
     1    2.43    0.01    0.07    0.60 v _162_/CO (FA_X1)
                                         _060_ (net)
                  0.01    0.00    0.60 v _147_/B (XNOR2_X1)
     1    2.33    0.01    0.04    0.64 v _147_/ZN (XNOR2_X1)
                                         net27 (net)
                  0.01    0.00    0.64 v output27/A (BUF_X1)
     1    1.23    0.01    0.03    0.67 v output27/Z (BUF_X1)
                                         out1717[2] (net)
                  0.01    0.00    0.67 v out1717[2] (out)
                                  0.67   data arrival time
-----------------------------------------------------------------------------
(Path is unconstrained)



==========================================================================
finish report_check_types -max_slew -max_cap -max_fanout -violators
--------------------------------------------------------------------------

==========================================================================
finish max_slew_check_slack
--------------------------------------------------------------------------
0.1457139253616333

==========================================================================
finish max_slew_check_limit
--------------------------------------------------------------------------
0.1985349953174591

==========================================================================
finish max_slew_check_slack_limit
--------------------------------------------------------------------------
0.7339

==========================================================================
finish max_fanout_check_slack
--------------------------------------------------------------------------
1.0000000150474662e+30

==========================================================================
finish max_fanout_check_limit
--------------------------------------------------------------------------
1.0000000150474662e+30

==========================================================================
finish max_capacitance_check_slack
--------------------------------------------------------------------------
12.409322738647461

==========================================================================
finish max_capacitance_check_limit
--------------------------------------------------------------------------
16.021699905395508

==========================================================================
finish max_capacitance_check_slack_limit
--------------------------------------------------------------------------
0.7745

==========================================================================
finish max_slew_violation_count
--------------------------------------------------------------------------
max slew violation count 0

==========================================================================
finish max_fanout_violation_count
--------------------------------------------------------------------------
max fanout violation count 0

==========================================================================
finish max_cap_violation_count
--------------------------------------------------------------------------
max cap violation count 0

==========================================================================
finish setup_violation_count
--------------------------------------------------------------------------
setup violation count 0

==========================================================================
finish hold_violation_count
--------------------------------------------------------------------------
hold violation count 0

==========================================================================
finish critical path delay
--------------------------------------------------------------------------
-1

==========================================================================
finish critical path slack
--------------------------------------------------------------------------
0

==========================================================================
finish slack div critical path delay
--------------------------------------------------------------------------
0.000000

==========================================================================
finish report_power
--------------------------------------------------------------------------
Group                  Internal  Switching    Leakage      Total
                          Power      Power      Power      Power (Watts)
----------------------------------------------------------------
Sequential             0.00e+00   0.00e+00   0.00e+00   0.00e+00   0.0%
Combinational          6.56e-05   5.17e-05   3.64e-06   1.21e-04 100.0%
Clock                  0.00e+00   0.00e+00   0.00e+00   0.00e+00   0.0%
Macro                  0.00e+00   0.00e+00   0.00e+00   0.00e+00   0.0%
Pad                    0.00e+00   0.00e+00   0.00e+00   0.00e+00   0.0%
----------------------------------------------------------------
Total                  6.56e-05   5.17e-05   3.64e-06   1.21e-04 100.0%
                          54.2%      42.7%       3.0%
