
==========================================================================
finish report_tns
--------------------------------------------------------------------------
tns 0.00

==========================================================================
finish report_wns
--------------------------------------------------------------------------
wns 0.00

==========================================================================
finish report_worst_slack
--------------------------------------------------------------------------
worst slack INF

==========================================================================
finish report_clock_skew
--------------------------------------------------------------------------
Clock clk
No launch/capture paths found.


==========================================================================
finish report_checks -path_delay min
--------------------------------------------------------------------------
No paths found.

==========================================================================
finish report_checks -path_delay max
--------------------------------------------------------------------------
No paths found.

==========================================================================
finish report_checks -unconstrained
--------------------------------------------------------------------------
Startpoint: lzc[2] (input port)
Endpoint: out18165[7] (output port)
Path Group: unconstrained
Path Type: max

Fanout     Cap    Slew   Delay    Time   Description
-----------------------------------------------------------------------------
                          0.00    0.00 v input external delay
     1    5.13    0.00    0.00    0.00 v lzc[2] (in)
                                         lzc[2] (net)
                  0.00    0.00    0.00 v _367_/A (BUF_X2)
     5   14.18    0.01    0.03    0.03 v _367_/Z (BUF_X2)
                                         _003_ (net)
                  0.01    0.00    0.03 v _384_/A (INV_X1)
     2   10.27    0.03    0.03    0.07 ^ _384_/ZN (INV_X1)
                                         _013_ (net)
                  0.03    0.00    0.07 ^ _385_/A (BUF_X4)
    10   35.60    0.02    0.04    0.11 ^ _385_/Z (BUF_X4)
                                         _014_ (net)
                  0.02    0.00    0.11 ^ _386_/A (BUF_X4)
    10   30.96    0.02    0.04    0.15 ^ _386_/Z (BUF_X4)
                                         _015_ (net)
                  0.02    0.00    0.15 ^ _387_/A (BUF_X4)
    10   34.37    0.02    0.04    0.19 ^ _387_/Z (BUF_X4)
                                         _342_ (net)
                  0.02    0.00    0.19 ^ _388_/A1 (NAND2_X1)
     3    4.63    0.01    0.02    0.21 v _388_/ZN (NAND2_X1)
                                         _016_ (net)
                  0.01    0.00    0.21 v _392_/A1 (NOR2_X1)
     1    3.94    0.03    0.04    0.25 ^ _392_/ZN (NOR2_X1)
                                         _327_ (net)
                  0.03    0.00    0.25 ^ _729_/B (HA_X1)
     2   10.67    0.03    0.06    0.31 ^ _729_/CO (HA_X1)
                                         _328_ (net)
                  0.03    0.00    0.31 ^ _730_/B (HA_X1)
     3    8.73    0.02    0.05    0.36 ^ _730_/CO (HA_X1)
                                         _331_ (net)
                  0.02    0.00    0.36 ^ _495_/A2 (AND2_X1)
     1    3.47    0.01    0.04    0.40 ^ _495_/ZN (AND2_X1)
                                         _120_ (net)
                  0.01    0.00    0.40 ^ _498_/A (OAI21_X2)
     3    7.21    0.01    0.02    0.43 v _498_/ZN (OAI21_X2)
                                         _123_ (net)
                  0.01    0.00    0.43 v _500_/C1 (AOI221_X2)
     5   13.88    0.08    0.09    0.52 ^ _500_/ZN (AOI221_X2)
                                         _125_ (net)
                  0.08    0.00    0.52 ^ _545_/A1 (AND4_X1)
     2    4.24    0.02    0.08    0.60 ^ _545_/ZN (AND4_X1)
                                         _170_ (net)
                  0.02    0.00    0.60 ^ _546_/A2 (NAND2_X1)
     3    5.07    0.01    0.02    0.62 v _546_/ZN (NAND2_X1)
                                         _171_ (net)
                  0.01    0.00    0.62 v _547_/A4 (OR4_X1)
     2    3.39    0.02    0.12    0.74 v _547_/ZN (OR4_X1)
                                         _172_ (net)
                  0.02    0.00    0.74 v _548_/A2 (AND2_X2)
     4   19.36    0.01    0.05    0.79 v _548_/ZN (AND2_X2)
                                         _173_ (net)
                  0.01    0.00    0.79 v _549_/A (INV_X8)
    10   34.43    0.01    0.02    0.81 ^ _549_/ZN (INV_X8)
                                         _174_ (net)
                  0.01    0.00    0.82 ^ _550_/A (BUF_X16)
    10   30.42    0.01    0.02    0.84 ^ _550_/Z (BUF_X16)
                                         _362_ (net)
                  0.01    0.00    0.84 ^ _742_/B (HA_X1)
     2    4.88    0.01    0.04    0.88 ^ _742_/CO (HA_X1)
                                         _324_ (net)
                  0.01    0.00    0.88 ^ _696_/B2 (AOI21_X1)
     1    1.74    0.01    0.02    0.90 v _696_/ZN (AOI21_X1)
                                         _296_ (net)
                  0.01    0.00    0.90 v _698_/B1 (OAI21_X1)
     2    4.68    0.03    0.04    0.94 ^ _698_/ZN (OAI21_X1)
                                         _298_ (net)
                  0.03    0.00    0.94 ^ _706_/B1 (AOI21_X1)
     1    1.81    0.01    0.02    0.96 v _706_/ZN (AOI21_X1)
                                         _304_ (net)
                  0.01    0.00    0.96 v _707_/B1 (OAI21_X1)
     2    4.45    0.03    0.04    1.00 ^ _707_/ZN (OAI21_X1)
                                         _305_ (net)
                  0.03    0.00    1.00 ^ _714_/B1 (AOI21_X1)
     1    1.63    0.01    0.02    1.02 v _714_/ZN (AOI21_X1)
                                         _310_ (net)
                  0.01    0.00    1.02 v _715_/A (INV_X1)
     1    3.23    0.01    0.02    1.04 ^ _715_/ZN (INV_X1)
                                         _311_ (net)
                  0.01    0.00    1.04 ^ _716_/B1 (AOI21_X2)
     1    4.71    0.01    0.02    1.05 v _716_/ZN (AOI21_X2)
                                         _312_ (net)
                  0.01    0.00    1.05 v _717_/B (XNOR2_X2)
     1    6.73    0.01    0.04    1.09 v _717_/ZN (XNOR2_X2)
                                         net79 (net)
                  0.01    0.00    1.09 v output79/A (BUF_X1)
     1    0.57    0.00    0.03    1.12 v output79/Z (BUF_X1)
                                         out18165[7] (net)
                  0.00    0.00    1.12 v out18165[7] (out)
                                  1.12   data arrival time
-----------------------------------------------------------------------------
(Path is unconstrained)



==========================================================================
finish report_check_types -max_slew -max_cap -max_fanout -violators
--------------------------------------------------------------------------

==========================================================================
finish max_slew_check_slack
--------------------------------------------------------------------------
0.0772380381822586

==========================================================================
finish max_slew_check_limit
--------------------------------------------------------------------------
0.1985349953174591

==========================================================================
finish max_slew_check_slack_limit
--------------------------------------------------------------------------
0.3890

==========================================================================
finish max_fanout_check_slack
--------------------------------------------------------------------------
1.0000000150474662e+30

==========================================================================
finish max_fanout_check_limit
--------------------------------------------------------------------------
1.0000000150474662e+30

==========================================================================
finish max_capacitance_check_slack
--------------------------------------------------------------------------
1.1309677362442017

==========================================================================
finish max_capacitance_check_limit
--------------------------------------------------------------------------
11.482199668884277

==========================================================================
finish max_capacitance_check_slack_limit
--------------------------------------------------------------------------
0.0985

==========================================================================
finish max_slew_violation_count
--------------------------------------------------------------------------
max slew violation count 0

==========================================================================
finish max_fanout_violation_count
--------------------------------------------------------------------------
max fanout violation count 0

==========================================================================
finish max_cap_violation_count
--------------------------------------------------------------------------
max cap violation count 0

==========================================================================
finish setup_violation_count
--------------------------------------------------------------------------
setup violation count 0

==========================================================================
finish hold_violation_count
--------------------------------------------------------------------------
hold violation count 0

==========================================================================
finish critical path delay
--------------------------------------------------------------------------
-1

==========================================================================
finish critical path slack
--------------------------------------------------------------------------
0

==========================================================================
finish slack div critical path delay
--------------------------------------------------------------------------
0.000000

==========================================================================
finish report_power
--------------------------------------------------------------------------
Group                  Internal  Switching    Leakage      Total
                          Power      Power      Power      Power (Watts)
----------------------------------------------------------------
Sequential             0.00e+00   0.00e+00   0.00e+00   0.00e+00   0.0%
Combinational          1.90e-04   1.77e-04   1.94e-05   3.87e-04 100.0%
Clock                  0.00e+00   0.00e+00   0.00e+00   0.00e+00   0.0%
Macro                  0.00e+00   0.00e+00   0.00e+00   0.00e+00   0.0%
Pad                    0.00e+00   0.00e+00   0.00e+00   0.00e+00   0.0%
----------------------------------------------------------------
Total                  1.90e-04   1.77e-04   1.94e-05   3.87e-04 100.0%
                          49.2%      45.8%       5.0%
