
==========================================================================
finish report_tns
--------------------------------------------------------------------------
tns 0.00

==========================================================================
finish report_wns
--------------------------------------------------------------------------
wns 0.00

==========================================================================
finish report_worst_slack
--------------------------------------------------------------------------
worst slack INF

==========================================================================
finish report_clock_skew
--------------------------------------------------------------------------
Clock clk
No launch/capture paths found.


==========================================================================
finish report_checks -path_delay min
--------------------------------------------------------------------------
No paths found.

==========================================================================
finish report_checks -path_delay max
--------------------------------------------------------------------------
No paths found.

==========================================================================
finish report_checks -unconstrained
--------------------------------------------------------------------------
Startpoint: mant_unchanged[0] (input port)
Endpoint: out1467[2] (output port)
Path Group: unconstrained
Path Type: max

Fanout     Cap    Slew   Delay    Time   Description
-----------------------------------------------------------------------------
                          0.00    0.00 v input external delay
     1    2.61    0.00    0.00    0.00 v mant_unchanged[0] (in)
                                         mant_unchanged[0] (net)
                  0.00    0.00    0.00 v input5/A (CLKBUF_X2)
     2    8.21    0.01    0.03    0.03 v input5/Z (CLKBUF_X2)
                                         net5 (net)
                  0.01    0.00    0.03 v _117_/A (INV_X1)
     1    3.51    0.01    0.02    0.05 ^ _117_/ZN (INV_X1)
                                         _058_ (net)
                  0.01    0.00    0.05 ^ _132_/B (HA_X1)
     1    1.72    0.01    0.03    0.08 ^ _132_/CO (HA_X1)
                                         _059_ (net)
                  0.01    0.00    0.08 ^ _084_/A (INV_X1)
     2    5.01    0.01    0.01    0.09 v _084_/ZN (INV_X1)
                                         _041_ (net)
                  0.01    0.00    0.09 v _125_/CI (FA_X1)
     1    1.07    0.01    0.11    0.20 ^ _125_/S (FA_X1)
                                         _043_ (net)
                  0.01    0.00    0.20 ^ _071_/A2 (AND2_X1)
     1    3.23    0.01    0.04    0.24 ^ _071_/ZN (AND2_X1)
                                         _001_ (net)
                  0.01    0.00    0.24 ^ _073_/A (AOI21_X2)
     3    7.40    0.01    0.02    0.25 v _073_/ZN (AOI21_X2)
                                         _062_ (net)
                  0.01    0.00    0.25 v _134_/B (HA_X1)
     1    1.08    0.02    0.05    0.31 v _134_/S (HA_X1)
                                         _064_ (net)
                  0.02    0.00    0.31 v _100_/A1 (OR2_X1)
     2    2.50    0.01    0.05    0.36 v _100_/ZN (OR2_X1)
                                         _026_ (net)
                  0.01    0.00    0.36 v _102_/A1 (AND2_X1)
     2    2.75    0.01    0.03    0.39 v _102_/ZN (AND2_X1)
                                         net11 (net)
                  0.01    0.00    0.39 v _110_/A2 (OR2_X1)
     1    3.04    0.01    0.05    0.44 v _110_/ZN (OR2_X1)
                                         _032_ (net)
                  0.01    0.00    0.44 v _111_/B2 (AOI21_X2)
     2    5.78    0.03    0.04    0.48 ^ _111_/ZN (AOI21_X2)
                                         _066_ (net)
                  0.03    0.00    0.48 ^ _135_/B (HA_X1)
     2    2.74    0.01    0.04    0.52 ^ _135_/CO (HA_X1)
                                         _067_ (net)
                  0.01    0.00    0.52 ^ _121_/A (OAI21_X1)
     1    1.72    0.01    0.02    0.53 v _121_/ZN (OAI21_X1)
                                         _035_ (net)
                  0.01    0.00    0.53 v _123_/B1 (AOI21_X1)
     1    1.96    0.02    0.03    0.56 ^ _123_/ZN (AOI21_X1)
                                         net17 (net)
                  0.02    0.00    0.56 ^ output17/A (BUF_X1)
     1    1.33    0.01    0.03    0.59 ^ output17/Z (BUF_X1)
                                         out1467[2] (net)
                  0.01    0.00    0.59 ^ out1467[2] (out)
                                  0.59   data arrival time
-----------------------------------------------------------------------------
(Path is unconstrained)



==========================================================================
finish report_check_types -max_slew -max_cap -max_fanout -violators
--------------------------------------------------------------------------

==========================================================================
finish max_slew_check_slack
--------------------------------------------------------------------------
0.1338629275560379

==========================================================================
finish max_slew_check_limit
--------------------------------------------------------------------------
0.1985349953174591

==========================================================================
finish max_slew_check_slack_limit
--------------------------------------------------------------------------
0.6743

==========================================================================
finish max_fanout_check_slack
--------------------------------------------------------------------------
1.0000000150474662e+30

==========================================================================
finish max_fanout_check_limit
--------------------------------------------------------------------------
1.0000000150474662e+30

==========================================================================
finish max_capacitance_check_slack
--------------------------------------------------------------------------
12.689970970153809

==========================================================================
finish max_capacitance_check_limit
--------------------------------------------------------------------------
16.021699905395508

==========================================================================
finish max_capacitance_check_slack_limit
--------------------------------------------------------------------------
0.7920

==========================================================================
finish max_slew_violation_count
--------------------------------------------------------------------------
max slew violation count 0

==========================================================================
finish max_fanout_violation_count
--------------------------------------------------------------------------
max fanout violation count 0

==========================================================================
finish max_cap_violation_count
--------------------------------------------------------------------------
max cap violation count 0

==========================================================================
finish setup_violation_count
--------------------------------------------------------------------------
setup violation count 0

==========================================================================
finish hold_violation_count
--------------------------------------------------------------------------
hold violation count 0

==========================================================================
finish critical path delay
--------------------------------------------------------------------------
-1

==========================================================================
finish critical path slack
--------------------------------------------------------------------------
0

==========================================================================
finish slack div critical path delay
--------------------------------------------------------------------------
0.000000

==========================================================================
finish report_power
--------------------------------------------------------------------------
Group                  Internal  Switching    Leakage      Total
                          Power      Power      Power      Power (Watts)
----------------------------------------------------------------
Sequential             0.00e+00   0.00e+00   0.00e+00   0.00e+00   0.0%
Combinational          9.64e-05   7.68e-05   2.93e-06   1.76e-04 100.0%
Clock                  0.00e+00   0.00e+00   0.00e+00   0.00e+00   0.0%
Macro                  0.00e+00   0.00e+00   0.00e+00   0.00e+00   0.0%
Pad                    0.00e+00   0.00e+00   0.00e+00   0.00e+00   0.0%
----------------------------------------------------------------
Total                  9.64e-05   7.68e-05   2.93e-06   1.76e-04 100.0%
                          54.7%      43.6%       1.7%
