
==========================================================================
finish report_tns
--------------------------------------------------------------------------
tns 0.00

==========================================================================
finish report_wns
--------------------------------------------------------------------------
wns 0.00

==========================================================================
finish report_worst_slack
--------------------------------------------------------------------------
worst slack INF

==========================================================================
finish report_clock_skew
--------------------------------------------------------------------------
Clock clk
No launch/capture paths found.


==========================================================================
finish report_checks -path_delay min
--------------------------------------------------------------------------
No paths found.

==========================================================================
finish report_checks -path_delay max
--------------------------------------------------------------------------
No paths found.

==========================================================================
finish report_checks -unconstrained
--------------------------------------------------------------------------
Startpoint: float_a[7] (input port)
Endpoint: out6162[5] (output port)
Path Group: unconstrained
Path Type: max

Fanout     Cap    Slew   Delay    Time   Description
-----------------------------------------------------------------------------
                          0.00    0.00 v input external delay
     1    1.79    0.00    0.00    0.00 v float_a[7] (in)
                                         float_a[7] (net)
                  0.00    0.00    0.00 v input14/A (BUF_X1)
     2    4.71    0.01    0.03    0.03 v input14/Z (BUF_X1)
                                         net14 (net)
                  0.01    0.00    0.03 v _084_/A (INV_X1)
     1    3.31    0.01    0.02    0.04 ^ _084_/ZN (INV_X1)
                                         _079_ (net)
                  0.01    0.00    0.04 ^ _184_/A (HA_X1)
     1    2.13    0.01    0.03    0.08 ^ _184_/CO (HA_X1)
                                         _080_ (net)
                  0.01    0.00    0.08 ^ _082_/A (INV_X1)
     2    5.75    0.01    0.01    0.09 v _082_/ZN (INV_X1)
                                         _052_ (net)
                  0.01    0.00    0.09 v _175_/CI (FA_X1)
     2    7.02    0.02    0.08    0.17 v _175_/CO (FA_X1)
                                         _053_ (net)
                  0.02    0.00    0.17 v _099_/C1 (AOI211_X2)
     2    5.57    0.04    0.05    0.22 ^ _099_/ZN (AOI211_X2)
                                         _005_ (net)
                  0.04    0.00    0.22 ^ _101_/A2 (NOR3_X2)
     2    6.78    0.01    0.02    0.24 v _101_/ZN (NOR3_X2)
                                         _007_ (net)
                  0.01    0.00    0.24 v _104_/C1 (OAI221_X2)
     2   10.83    0.05    0.05    0.29 ^ _104_/ZN (OAI221_X2)
                                         _010_ (net)
                  0.05    0.00    0.29 ^ _105_/B2 (AOI21_X4)
     3   10.05    0.01    0.02    0.32 v _105_/ZN (AOI21_X4)
                                         _011_ (net)
                  0.01    0.00    0.32 v _106_/A2 (NOR2_X4)
    10   30.80    0.04    0.06    0.38 ^ _106_/ZN (NOR2_X4)
                                         _012_ (net)
                  0.04    0.00    0.38 ^ _107_/A (BUF_X8)
    10   25.91    0.01    0.03    0.41 ^ _107_/Z (BUF_X8)
                                         net42 (net)
                  0.01    0.00    0.41 ^ _157_/S (MUX2_X1)
     1    3.17    0.01    0.06    0.47 v _157_/Z (MUX2_X1)
                                         net48 (net)
                  0.01    0.00    0.47 v output48/A (BUF_X1)
     1    0.91    0.00    0.03    0.50 v output48/Z (BUF_X1)
                                         out6162[5] (net)
                  0.00    0.00    0.50 v out6162[5] (out)
                                  0.50   data arrival time
-----------------------------------------------------------------------------
(Path is unconstrained)



==========================================================================
finish report_check_types -max_slew -max_cap -max_fanout -violators
--------------------------------------------------------------------------

==========================================================================
finish max_slew_check_slack
--------------------------------------------------------------------------
0.13356593251228333

==========================================================================
finish max_slew_check_limit
--------------------------------------------------------------------------
0.1985349953174591

==========================================================================
finish max_slew_check_slack_limit
--------------------------------------------------------------------------
0.6728

==========================================================================
finish max_fanout_check_slack
--------------------------------------------------------------------------
1.0000000150474662e+30

==========================================================================
finish max_fanout_check_limit
--------------------------------------------------------------------------
1.0000000150474662e+30

==========================================================================
finish max_capacitance_check_slack
--------------------------------------------------------------------------
13.403578758239746

==========================================================================
finish max_capacitance_check_limit
--------------------------------------------------------------------------
16.021699905395508

==========================================================================
finish max_capacitance_check_slack_limit
--------------------------------------------------------------------------
0.8366

==========================================================================
finish max_slew_violation_count
--------------------------------------------------------------------------
max slew violation count 0

==========================================================================
finish max_fanout_violation_count
--------------------------------------------------------------------------
max fanout violation count 0

==========================================================================
finish max_cap_violation_count
--------------------------------------------------------------------------
max cap violation count 0

==========================================================================
finish setup_violation_count
--------------------------------------------------------------------------
setup violation count 0

==========================================================================
finish hold_violation_count
--------------------------------------------------------------------------
hold violation count 0

==========================================================================
finish critical path delay
--------------------------------------------------------------------------
-1

==========================================================================
finish critical path slack
--------------------------------------------------------------------------
0

==========================================================================
finish slack div critical path delay
--------------------------------------------------------------------------
0.000000

==========================================================================
finish report_power
--------------------------------------------------------------------------
Group                  Internal  Switching    Leakage      Total
                          Power      Power      Power      Power (Watts)
----------------------------------------------------------------
Sequential             0.00e+00   0.00e+00   0.00e+00   0.00e+00   0.0%
Combinational          1.16e-04   9.02e-05   5.42e-06   2.12e-04 100.0%
Clock                  0.00e+00   0.00e+00   0.00e+00   0.00e+00   0.0%
Macro                  0.00e+00   0.00e+00   0.00e+00   0.00e+00   0.0%
Pad                    0.00e+00   0.00e+00   0.00e+00   0.00e+00   0.0%
----------------------------------------------------------------
Total                  1.16e-04   9.02e-05   5.42e-06   2.12e-04 100.0%
                          54.9%      42.6%       2.6%
