
==========================================================================
finish report_tns
--------------------------------------------------------------------------
tns 0.00

==========================================================================
finish report_wns
--------------------------------------------------------------------------
wns 0.00

==========================================================================
finish report_worst_slack
--------------------------------------------------------------------------
worst slack INF

==========================================================================
finish report_clock_skew
--------------------------------------------------------------------------
Clock clk
No launch/capture paths found.


==========================================================================
finish report_checks -path_delay min
--------------------------------------------------------------------------
No paths found.

==========================================================================
finish report_checks -path_delay max
--------------------------------------------------------------------------
No paths found.

==========================================================================
finish report_checks -unconstrained
--------------------------------------------------------------------------
Startpoint: float_b[7] (input port)
Endpoint: out12109[13] (output port)
Path Group: unconstrained
Path Type: max

Fanout     Cap    Slew   Delay    Time   Description
-----------------------------------------------------------------------------
                          0.00    0.00 ^ input external delay
     1    2.26    0.00    0.00    0.00 ^ float_b[7] (in)
                                         float_b[7] (net)
                  0.00    0.00    0.00 ^ input30/A (BUF_X1)
     1    6.74    0.02    0.03    0.03 ^ input30/Z (BUF_X1)
                                         net30 (net)
                  0.02    0.00    0.03 ^ _137_/A (INV_X1)
     1    3.72    0.01    0.01    0.04 v _137_/ZN (INV_X1)
                                         _098_ (net)
                  0.01    0.00    0.04 v _235_/B (HA_X1)
     1    1.98    0.01    0.06    0.10 v _235_/S (HA_X1)
                                         _100_ (net)
                  0.01    0.00    0.10 v _138_/A (INV_X1)
     1    3.58    0.01    0.02    0.12 ^ _138_/ZN (INV_X1)
                                         _101_ (net)
                  0.01    0.00    0.12 ^ _236_/B (HA_X1)
     4    8.01    0.05    0.08    0.20 ^ _236_/S (HA_X1)
                                         _103_ (net)
                  0.05    0.00    0.20 ^ _157_/A1 (AND3_X1)
     3    6.63    0.02    0.07    0.26 ^ _157_/ZN (AND3_X1)
                                         _058_ (net)
                  0.02    0.00    0.26 ^ _158_/A2 (AND2_X1)
     4    8.73    0.02    0.05    0.32 ^ _158_/ZN (AND2_X1)
                                         _059_ (net)
                  0.02    0.00    0.32 ^ _187_/B2 (AOI221_X2)
     2    3.53    0.02    0.03    0.34 v _187_/ZN (AOI221_X2)
                                         _014_ (net)
                  0.02    0.00    0.34 v _190_/B2 (OAI221_X1)
     1    2.80    0.04    0.06    0.40 ^ _190_/ZN (OAI221_X1)
                                         _017_ (net)
                  0.04    0.00    0.40 ^ _191_/B (XOR2_X1)
     1    2.23    0.02    0.06    0.46 ^ _191_/Z (XOR2_X1)
                                         net37 (net)
                  0.02    0.00    0.46 ^ output37/A (BUF_X1)
     1    1.24    0.01    0.03    0.48 ^ output37/Z (BUF_X1)
                                         out12109[13] (net)
                  0.01    0.00    0.48 ^ out12109[13] (out)
                                  0.48   data arrival time
-----------------------------------------------------------------------------
(Path is unconstrained)



==========================================================================
finish report_check_types -max_slew -max_cap -max_fanout -violators
--------------------------------------------------------------------------

==========================================================================
finish max_slew_check_slack
--------------------------------------------------------------------------
0.14848896861076355

==========================================================================
finish max_slew_check_limit
--------------------------------------------------------------------------
0.1985349953174591

==========================================================================
finish max_slew_check_slack_limit
--------------------------------------------------------------------------
0.7479

==========================================================================
finish max_fanout_check_slack
--------------------------------------------------------------------------
1.0000000150474662e+30

==========================================================================
finish max_fanout_check_limit
--------------------------------------------------------------------------
1.0000000150474662e+30

==========================================================================
finish max_capacitance_check_slack
--------------------------------------------------------------------------
12.037720680236816

==========================================================================
finish max_capacitance_check_limit
--------------------------------------------------------------------------
13.809200286865234

==========================================================================
finish max_capacitance_check_slack_limit
--------------------------------------------------------------------------
0.8717

==========================================================================
finish max_slew_violation_count
--------------------------------------------------------------------------
max slew violation count 0

==========================================================================
finish max_fanout_violation_count
--------------------------------------------------------------------------
max fanout violation count 0

==========================================================================
finish max_cap_violation_count
--------------------------------------------------------------------------
max cap violation count 0

==========================================================================
finish setup_violation_count
--------------------------------------------------------------------------
setup violation count 0

==========================================================================
finish hold_violation_count
--------------------------------------------------------------------------
hold violation count 0

==========================================================================
finish critical path delay
--------------------------------------------------------------------------
-1

==========================================================================
finish critical path slack
--------------------------------------------------------------------------
0

==========================================================================
finish slack div critical path delay
--------------------------------------------------------------------------
0.000000

==========================================================================
finish report_power
--------------------------------------------------------------------------
Group                  Internal  Switching    Leakage      Total
                          Power      Power      Power      Power (Watts)
----------------------------------------------------------------
Sequential             0.00e+00   0.00e+00   0.00e+00   0.00e+00   0.0%
Combinational          1.40e-04   1.07e-04   5.62e-06   2.53e-04 100.0%
Clock                  0.00e+00   0.00e+00   0.00e+00   0.00e+00   0.0%
Macro                  0.00e+00   0.00e+00   0.00e+00   0.00e+00   0.0%
Pad                    0.00e+00   0.00e+00   0.00e+00   0.00e+00   0.0%
----------------------------------------------------------------
Total                  1.40e-04   1.07e-04   5.62e-06   2.53e-04 100.0%
                          55.4%      42.4%       2.2%
