
==========================================================================
finish report_tns
--------------------------------------------------------------------------
tns 0.00

==========================================================================
finish report_wns
--------------------------------------------------------------------------
wns 0.00

==========================================================================
finish report_worst_slack
--------------------------------------------------------------------------
worst slack INF

==========================================================================
finish report_clock_skew
--------------------------------------------------------------------------
Clock clk
No launch/capture paths found.


==========================================================================
finish report_checks -path_delay min
--------------------------------------------------------------------------
No paths found.

==========================================================================
finish report_checks -path_delay max
--------------------------------------------------------------------------
No paths found.

==========================================================================
finish report_checks -unconstrained
--------------------------------------------------------------------------
Startpoint: float_a[1] (input port)
Endpoint: out4026[5] (output port)
Path Group: unconstrained
Path Type: max

Fanout     Cap    Slew   Delay    Time   Description
-----------------------------------------------------------------------------
                          0.00    0.00 ^ input external delay
     1    2.04    0.00    0.00    0.00 ^ float_a[1] (in)
                                         float_a[1] (net)
                  0.00    0.00    0.00 ^ input2/A (BUF_X1)
     1    5.42    0.01    0.03    0.03 ^ input2/Z (BUF_X1)
                                         net2 (net)
                  0.01    0.00    0.03 ^ _177_/A (HA_X1)
     1    3.52    0.03    0.06    0.09 ^ _177_/S (HA_X1)
                                         _081_ (net)
                  0.03    0.00    0.09 ^ _181_/A (HA_X1)
     2    4.12    0.01    0.04    0.13 ^ _181_/CO (HA_X1)
                                         _092_ (net)
                  0.01    0.00    0.13 ^ _095_/A (INV_X1)
     1    2.72    0.01    0.01    0.14 v _095_/ZN (INV_X1)
                                         _055_ (net)
                  0.01    0.00    0.14 v _168_/CI (FA_X1)
     3    7.14    0.02    0.08    0.22 v _168_/CO (FA_X1)
                                         _056_ (net)
                  0.02    0.00    0.22 v _134_/B1 (OAI21_X2)
     2    7.22    0.03    0.04    0.26 ^ _134_/ZN (OAI21_X2)
                                         _046_ (net)
                  0.03    0.00    0.26 ^ _155_/B1 (AOI21_X2)
     1    4.63    0.01    0.02    0.28 v _155_/ZN (AOI21_X2)
                                         _010_ (net)
                  0.01    0.00    0.28 v _156_/B (XOR2_X2)
     2    4.38    0.02    0.03    0.31 ^ _156_/Z (XOR2_X2)
                                         _011_ (net)
                  0.02    0.00    0.31 ^ _159_/B1 (AOI21_X1)
     1    1.15    0.01    0.02    0.33 v _159_/ZN (AOI21_X1)
                                         _014_ (net)
                  0.01    0.00    0.33 v _160_/A3 (OR3_X1)
     1    2.84    0.01    0.08    0.41 v _160_/ZN (OR3_X1)
                                         net22 (net)
                  0.01    0.00    0.41 v output22/A (BUF_X1)
     1    1.15    0.01    0.03    0.44 v output22/Z (BUF_X1)
                                         out4026[5] (net)
                  0.01    0.00    0.44 v out4026[5] (out)
                                  0.44   data arrival time
-----------------------------------------------------------------------------
(Path is unconstrained)



==========================================================================
finish report_check_types -max_slew -max_cap -max_fanout -violators
--------------------------------------------------------------------------

==========================================================================
finish max_slew_check_slack
--------------------------------------------------------------------------
0.15552012622356415

==========================================================================
finish max_slew_check_limit
--------------------------------------------------------------------------
0.1985349953174591

==========================================================================
finish max_slew_check_slack_limit
--------------------------------------------------------------------------
0.7833

==========================================================================
finish max_fanout_check_slack
--------------------------------------------------------------------------
1.0000000150474662e+30

==========================================================================
finish max_fanout_check_limit
--------------------------------------------------------------------------
1.0000000150474662e+30

==========================================================================
finish max_capacitance_check_slack
--------------------------------------------------------------------------
15.023630142211914

==========================================================================
finish max_capacitance_check_limit
--------------------------------------------------------------------------
16.021699905395508

==========================================================================
finish max_capacitance_check_slack_limit
--------------------------------------------------------------------------
0.9377

==========================================================================
finish max_slew_violation_count
--------------------------------------------------------------------------
max slew violation count 0

==========================================================================
finish max_fanout_violation_count
--------------------------------------------------------------------------
max fanout violation count 0

==========================================================================
finish max_cap_violation_count
--------------------------------------------------------------------------
max cap violation count 0

==========================================================================
finish setup_violation_count
--------------------------------------------------------------------------
setup violation count 0

==========================================================================
finish hold_violation_count
--------------------------------------------------------------------------
hold violation count 0

==========================================================================
finish critical path delay
--------------------------------------------------------------------------
-1

==========================================================================
finish critical path slack
--------------------------------------------------------------------------
0

==========================================================================
finish slack div critical path delay
--------------------------------------------------------------------------
0.000000

==========================================================================
finish report_power
--------------------------------------------------------------------------
Group                  Internal  Switching    Leakage      Total
                          Power      Power      Power      Power (Watts)
----------------------------------------------------------------
Sequential             0.00e+00   0.00e+00   0.00e+00   0.00e+00   0.0%
Combinational          1.21e-04   9.65e-05   3.78e-06   2.21e-04 100.0%
Clock                  0.00e+00   0.00e+00   0.00e+00   0.00e+00   0.0%
Macro                  0.00e+00   0.00e+00   0.00e+00   0.00e+00   0.0%
Pad                    0.00e+00   0.00e+00   0.00e+00   0.00e+00   0.0%
----------------------------------------------------------------
Total                  1.21e-04   9.65e-05   3.78e-06   2.21e-04 100.0%
                          54.7%      43.6%       1.7%
