
==========================================================================
finish report_tns
--------------------------------------------------------------------------
tns 0.00

==========================================================================
finish report_wns
--------------------------------------------------------------------------
wns 0.00

==========================================================================
finish report_worst_slack
--------------------------------------------------------------------------
worst slack INF

==========================================================================
finish report_clock_skew
--------------------------------------------------------------------------
Clock clk
No launch/capture paths found.


==========================================================================
finish report_checks -path_delay min
--------------------------------------------------------------------------
No paths found.

==========================================================================
finish report_checks -path_delay max
--------------------------------------------------------------------------
No paths found.

==========================================================================
finish report_checks -unconstrained
--------------------------------------------------------------------------
Startpoint: float_b[1] (input port)
Endpoint: out43549[19] (output port)
Path Group: unconstrained
Path Type: max

Fanout     Cap    Slew   Delay    Time   Description
-----------------------------------------------------------------------------
                          0.00    0.00 v input external delay
     1    1.52    0.00    0.00    0.00 v float_b[1] (in)
                                         float_b[1] (net)
                  0.00    0.00    0.00 v input44/A (BUF_X1)
     1    7.75    0.01    0.03    0.03 v input44/Z (BUF_X1)
                                         net44 (net)
                  0.01    0.00    0.03 v _799_/B (HA_X1)
     1    3.53    0.01    0.06    0.09 v _799_/S (HA_X1)
                                         _403_ (net)
                  0.01    0.00    0.09 v _807_/B (HA_X1)
     3    8.52    0.01    0.04    0.14 v _807_/CO (HA_X1)
                                         _284_ (net)
                  0.01    0.00    0.14 v _746_/A (FA_X1)
     3    7.11    0.02    0.09    0.22 v _746_/CO (FA_X1)
                                         _287_ (net)
                  0.02    0.00    0.22 v _539_/C2 (AOI211_X2)
     2    5.89    0.05    0.06    0.28 ^ _539_/ZN (AOI211_X2)
                                         _109_ (net)
                  0.05    0.00    0.28 ^ _540_/B2 (OAI21_X2)
     3    7.68    0.02    0.03    0.32 v _540_/ZN (OAI21_X2)
                                         _110_ (net)
                  0.02    0.00    0.32 v _595_/A2 (AND3_X1)
     1    3.69    0.01    0.04    0.36 v _595_/ZN (AND3_X1)
                                         _161_ (net)
                  0.01    0.00    0.36 v _596_/A3 (NOR3_X2)
     3    8.68    0.05    0.07    0.43 ^ _596_/ZN (NOR3_X2)
                                         _162_ (net)
                  0.05    0.00    0.43 ^ _614_/B2 (OAI21_X2)
     2    6.32    0.02    0.03    0.46 v _614_/ZN (OAI21_X2)
                                         _178_ (net)
                  0.02    0.00    0.46 v _637_/B1 (AOI221_X2)
     1    4.73    0.05    0.08    0.54 ^ _637_/ZN (AOI221_X2)
                                         _197_ (net)
                  0.05    0.00    0.54 ^ _638_/B (XOR2_X2)
     1    3.77    0.02    0.06    0.59 ^ _638_/Z (XOR2_X2)
                                         _198_ (net)
                  0.02    0.00    0.59 ^ _639_/B2 (OAI21_X2)
     1    6.24    0.01    0.02    0.62 v _639_/ZN (OAI21_X2)
                                         net75 (net)
                  0.01    0.00    0.62 v output75/A (BUF_X1)
     1    0.90    0.00    0.03    0.64 v output75/Z (BUF_X1)
                                         out43549[19] (net)
                  0.00    0.00    0.64 v out43549[19] (out)
                                  0.64   data arrival time
-----------------------------------------------------------------------------
(Path is unconstrained)



==========================================================================
finish report_check_types -max_slew -max_cap -max_fanout -violators
--------------------------------------------------------------------------

==========================================================================
finish max_slew_check_slack
--------------------------------------------------------------------------
0.13191209733486176

==========================================================================
finish max_slew_check_limit
--------------------------------------------------------------------------
0.1985349953174591

==========================================================================
finish max_slew_check_slack_limit
--------------------------------------------------------------------------
0.6644

==========================================================================
finish max_fanout_check_slack
--------------------------------------------------------------------------
1.0000000150474662e+30

==========================================================================
finish max_fanout_check_limit
--------------------------------------------------------------------------
1.0000000150474662e+30

==========================================================================
finish max_capacitance_check_slack
--------------------------------------------------------------------------
12.509187698364258

==========================================================================
finish max_capacitance_check_limit
--------------------------------------------------------------------------
16.021699905395508

==========================================================================
finish max_capacitance_check_slack_limit
--------------------------------------------------------------------------
0.7808

==========================================================================
finish max_slew_violation_count
--------------------------------------------------------------------------
max slew violation count 0

==========================================================================
finish max_fanout_violation_count
--------------------------------------------------------------------------
max fanout violation count 0

==========================================================================
finish max_cap_violation_count
--------------------------------------------------------------------------
max cap violation count 0

==========================================================================
finish setup_violation_count
--------------------------------------------------------------------------
setup violation count 0

==========================================================================
finish hold_violation_count
--------------------------------------------------------------------------
hold violation count 0

==========================================================================
finish critical path delay
--------------------------------------------------------------------------
-1

==========================================================================
finish critical path slack
--------------------------------------------------------------------------
0

==========================================================================
finish slack div critical path delay
--------------------------------------------------------------------------
0.000000

==========================================================================
finish report_power
--------------------------------------------------------------------------
Group                  Internal  Switching    Leakage      Total
                          Power      Power      Power      Power (Watts)
----------------------------------------------------------------
Sequential             0.00e+00   0.00e+00   0.00e+00   0.00e+00   0.0%
Combinational          2.80e-04   2.83e-04   1.77e-05   5.80e-04 100.0%
Clock                  0.00e+00   0.00e+00   0.00e+00   0.00e+00   0.0%
Macro                  0.00e+00   0.00e+00   0.00e+00   0.00e+00   0.0%
Pad                    0.00e+00   0.00e+00   0.00e+00   0.00e+00   0.0%
----------------------------------------------------------------
Total                  2.80e-04   2.83e-04   1.77e-05   5.80e-04 100.0%
                          48.2%      48.7%       3.0%
