
==========================================================================
finish report_tns
--------------------------------------------------------------------------
tns 0.00

==========================================================================
finish report_wns
--------------------------------------------------------------------------
wns 0.00

==========================================================================
finish report_worst_slack
--------------------------------------------------------------------------
worst slack INF

==========================================================================
finish report_clock_skew
--------------------------------------------------------------------------
Clock clk
No launch/capture paths found.


==========================================================================
finish report_checks -path_delay min
--------------------------------------------------------------------------
No paths found.

==========================================================================
finish report_checks -path_delay max
--------------------------------------------------------------------------
No paths found.

==========================================================================
finish report_checks -unconstrained
--------------------------------------------------------------------------
Startpoint: mant_product[2] (input port)
Endpoint: out11380[0] (output port)
Path Group: unconstrained
Path Type: max

Fanout     Cap    Slew   Delay    Time   Description
-----------------------------------------------------------------------------
                          0.00    0.00 v input external delay
     1    2.20    0.00    0.00    0.00 v mant_product[2] (in)
                                         mant_product[2] (net)
                  0.00    0.00    0.00 v input16/A (CLKBUF_X2)
     4   10.85    0.01    0.03    0.03 v input16/Z (CLKBUF_X2)
                                         net16 (net)
                  0.01    0.00    0.04 v _42_/A4 (OR4_X1)
     2    5.16    0.02    0.13    0.16 v _42_/ZN (OR4_X1)
                                         _03_ (net)
                  0.02    0.00    0.16 v _43_/C2 (OAI211_X2)
     3    4.93    0.02    0.04    0.21 ^ _43_/ZN (OAI211_X2)
                                         _04_ (net)
                  0.02    0.00    0.21 ^ _57_/A2 (OR2_X1)
     1    1.65    0.01    0.03    0.24 ^ _57_/ZN (OR2_X1)
                                         _17_ (net)
                  0.01    0.00    0.24 ^ _58_/B2 (OAI22_X1)
     1    1.98    0.02    0.02    0.26 v _58_/ZN (OAI22_X1)
                                         net24 (net)
                  0.02    0.00    0.26 v output24/A (BUF_X1)
     1    1.42    0.01    0.03    0.29 v output24/Z (BUF_X1)
                                         out11380[0] (net)
                  0.01    0.00    0.29 v out11380[0] (out)
                                  0.29   data arrival time
-----------------------------------------------------------------------------
(Path is unconstrained)



==========================================================================
finish report_check_types -max_slew -max_cap -max_fanout -violators
--------------------------------------------------------------------------

==========================================================================
finish max_slew_check_slack
--------------------------------------------------------------------------
0.13555973768234253

==========================================================================
finish max_slew_check_limit
--------------------------------------------------------------------------
0.1985349953174591

==========================================================================
finish max_slew_check_slack_limit
--------------------------------------------------------------------------
0.6828

==========================================================================
finish max_fanout_check_slack
--------------------------------------------------------------------------
1.0000000150474662e+30

==========================================================================
finish max_fanout_check_limit
--------------------------------------------------------------------------
1.0000000150474662e+30

==========================================================================
finish max_capacitance_check_slack
--------------------------------------------------------------------------
8.356164932250977

==========================================================================
finish max_capacitance_check_limit
--------------------------------------------------------------------------
10.47130012512207

==========================================================================
finish max_capacitance_check_slack_limit
--------------------------------------------------------------------------
0.7980

==========================================================================
finish max_slew_violation_count
--------------------------------------------------------------------------
max slew violation count 0

==========================================================================
finish max_fanout_violation_count
--------------------------------------------------------------------------
max fanout violation count 0

==========================================================================
finish max_cap_violation_count
--------------------------------------------------------------------------
max cap violation count 0

==========================================================================
finish setup_violation_count
--------------------------------------------------------------------------
setup violation count 0

==========================================================================
finish hold_violation_count
--------------------------------------------------------------------------
hold violation count 0

==========================================================================
finish critical path delay
--------------------------------------------------------------------------
-1

==========================================================================
finish critical path slack
--------------------------------------------------------------------------
0

==========================================================================
finish slack div critical path delay
--------------------------------------------------------------------------
0.000000

==========================================================================
finish report_power
--------------------------------------------------------------------------
Group                  Internal  Switching    Leakage      Total
                          Power      Power      Power      Power (Watts)
----------------------------------------------------------------
Sequential             0.00e+00   0.00e+00   0.00e+00   0.00e+00   0.0%
Combinational          2.35e-05   2.24e-05   2.61e-06   4.85e-05 100.0%
Clock                  0.00e+00   0.00e+00   0.00e+00   0.00e+00   0.0%
Macro                  0.00e+00   0.00e+00   0.00e+00   0.00e+00   0.0%
Pad                    0.00e+00   0.00e+00   0.00e+00   0.00e+00   0.0%
----------------------------------------------------------------
Total                  2.35e-05   2.24e-05   2.61e-06   4.85e-05 100.0%
                          48.5%      46.2%       5.4%
