
==========================================================================
finish report_tns
--------------------------------------------------------------------------
tns 0.00

==========================================================================
finish report_wns
--------------------------------------------------------------------------
wns 0.00

==========================================================================
finish report_worst_slack
--------------------------------------------------------------------------
worst slack INF

==========================================================================
finish report_clock_skew
--------------------------------------------------------------------------
Clock clk
No launch/capture paths found.


==========================================================================
finish report_checks -path_delay min
--------------------------------------------------------------------------
No paths found.

==========================================================================
finish report_checks -path_delay max
--------------------------------------------------------------------------
No paths found.

==========================================================================
finish report_checks -unconstrained
--------------------------------------------------------------------------
Startpoint: float_a[1] (input port)
Endpoint: out3500[7] (output port)
Path Group: unconstrained
Path Type: max

Fanout     Cap    Slew   Delay    Time   Description
-----------------------------------------------------------------------------
                          0.00    0.00 ^ input external delay
     1    2.01    0.00    0.00    0.00 ^ float_a[1] (in)
                                         float_a[1] (net)
                  0.00    0.00    0.00 ^ input2/A (BUF_X1)
     4    8.21    0.02    0.03    0.03 ^ input2/Z (BUF_X1)
                                         net2 (net)
                  0.02    0.00    0.03 ^ _070_/A1 (AND2_X1)
     1    3.56    0.01    0.04    0.07 ^ _070_/ZN (AND2_X1)
                                         _018_ (net)
                  0.01    0.00    0.07 ^ _109_/B (FA_X1)
     1    2.95    0.02    0.09    0.17 v _109_/S (FA_X1)
                                         _021_ (net)
                  0.02    0.00    0.17 v _110_/CI (FA_X1)
     1    3.83    0.02    0.12    0.29 ^ _110_/S (FA_X1)
                                         _023_ (net)
                  0.02    0.00    0.29 ^ _125_/B (HA_X1)
     2    4.47    0.01    0.04    0.33 ^ _125_/CO (HA_X1)
                                         _063_ (net)
                  0.01    0.00    0.33 ^ _074_/A (INV_X1)
     1    3.74    0.01    0.01    0.34 v _074_/ZN (INV_X1)
                                         _037_ (net)
                  0.01    0.00    0.34 v _114_/A (FA_X1)
     2    5.69    0.02    0.08    0.42 v _114_/CO (FA_X1)
                                         _040_ (net)
                  0.02    0.00    0.42 v _099_/B2 (OAI21_X1)
     1    3.61    0.03    0.05    0.47 ^ _099_/ZN (OAI21_X1)
                                         _008_ (net)
                  0.03    0.00    0.47 ^ _100_/B1 (AOI21_X2)
     1    4.59    0.01    0.02    0.49 v _100_/ZN (AOI21_X2)
                                         _009_ (net)
                  0.01    0.00    0.49 v _101_/B (XNOR2_X2)
     1    4.15    0.01    0.04    0.53 v _101_/ZN (XNOR2_X2)
                                         net30 (net)
                  0.01    0.00    0.53 v output30/A (BUF_X1)
     1    0.84    0.00    0.03    0.55 v output30/Z (BUF_X1)
                                         out3500[7] (net)
                  0.00    0.00    0.55 v out3500[7] (out)
                                  0.55   data arrival time
-----------------------------------------------------------------------------
(Path is unconstrained)



==========================================================================
finish report_check_types -max_slew -max_cap -max_fanout -violators
--------------------------------------------------------------------------

==========================================================================
finish max_slew_check_slack
--------------------------------------------------------------------------
0.1541217714548111

==========================================================================
finish max_slew_check_limit
--------------------------------------------------------------------------
0.1985349953174591

==========================================================================
finish max_slew_check_slack_limit
--------------------------------------------------------------------------
0.7763

==========================================================================
finish max_fanout_check_slack
--------------------------------------------------------------------------
1.0000000150474662e+30

==========================================================================
finish max_fanout_check_limit
--------------------------------------------------------------------------
1.0000000150474662e+30

==========================================================================
finish max_capacitance_check_slack
--------------------------------------------------------------------------
18.49699592590332

==========================================================================
finish max_capacitance_check_limit
--------------------------------------------------------------------------
25.253299713134766

==========================================================================
finish max_capacitance_check_slack_limit
--------------------------------------------------------------------------
0.7325

==========================================================================
finish max_slew_violation_count
--------------------------------------------------------------------------
max slew violation count 0

==========================================================================
finish max_fanout_violation_count
--------------------------------------------------------------------------
max fanout violation count 0

==========================================================================
finish max_cap_violation_count
--------------------------------------------------------------------------
max cap violation count 0

==========================================================================
finish setup_violation_count
--------------------------------------------------------------------------
setup violation count 0

==========================================================================
finish hold_violation_count
--------------------------------------------------------------------------
hold violation count 0

==========================================================================
finish critical path delay
--------------------------------------------------------------------------
-1

==========================================================================
finish critical path slack
--------------------------------------------------------------------------
0

==========================================================================
finish slack div critical path delay
--------------------------------------------------------------------------
0.000000

==========================================================================
finish report_power
--------------------------------------------------------------------------
Group                  Internal  Switching    Leakage      Total
                          Power      Power      Power      Power (Watts)
----------------------------------------------------------------
Sequential             0.00e+00   0.00e+00   0.00e+00   0.00e+00   0.0%
Combinational          9.74e-05   6.08e-05   3.08e-06   1.61e-04 100.0%
Clock                  0.00e+00   0.00e+00   0.00e+00   0.00e+00   0.0%
Macro                  0.00e+00   0.00e+00   0.00e+00   0.00e+00   0.0%
Pad                    0.00e+00   0.00e+00   0.00e+00   0.00e+00   0.0%
----------------------------------------------------------------
Total                  9.74e-05   6.08e-05   3.08e-06   1.61e-04 100.0%
                          60.4%      37.7%       1.9%
