
==========================================================================
finish report_tns
--------------------------------------------------------------------------
tns 0.00

==========================================================================
finish report_wns
--------------------------------------------------------------------------
wns 0.00

==========================================================================
finish report_worst_slack
--------------------------------------------------------------------------
worst slack INF

==========================================================================
finish report_clock_skew
--------------------------------------------------------------------------
Clock clk
No launch/capture paths found.


==========================================================================
finish report_checks -path_delay min
--------------------------------------------------------------------------
No paths found.

==========================================================================
finish report_checks -path_delay max
--------------------------------------------------------------------------
No paths found.

==========================================================================
finish report_checks -unconstrained
--------------------------------------------------------------------------
Startpoint: mant_product[12] (input port)
Endpoint: out7718[0] (output port)
Path Group: unconstrained
Path Type: max

Fanout     Cap    Slew   Delay    Time   Description
-----------------------------------------------------------------------------
                          0.00    0.00 v input external delay
     1    3.28    0.00    0.00    0.00 v mant_product[12] (in)
                                         mant_product[12] (net)
                  0.00    0.00    0.00 v input12/A (BUF_X2)
     3   11.92    0.01    0.03    0.03 v input12/Z (BUF_X2)
                                         net12 (net)
                  0.01    0.00    0.03 v _37_/A4 (NOR4_X4)
     3    6.80    0.04    0.08    0.11 ^ _37_/ZN (NOR4_X4)
                                         _00_ (net)
                  0.04    0.00    0.11 ^ _41_/A (OAI211_X2)
     3    4.78    0.02    0.04    0.15 v _41_/ZN (OAI211_X2)
                                         _04_ (net)
                  0.02    0.00    0.15 v _55_/A2 (OR2_X1)
     1    1.67    0.01    0.05    0.20 v _55_/ZN (OR2_X1)
                                         _17_ (net)
                  0.01    0.00    0.20 v _56_/B2 (OAI22_X1)
     1    3.45    0.04    0.05    0.25 ^ _56_/ZN (OAI22_X1)
                                         net25 (net)
                  0.04    0.00    0.26 ^ output25/A (BUF_X1)
     1    0.85    0.01    0.03    0.28 ^ output25/Z (BUF_X1)
                                         out7718[0] (net)
                  0.01    0.00    0.28 ^ out7718[0] (out)
                                  0.28   data arrival time
-----------------------------------------------------------------------------
(Path is unconstrained)



==========================================================================
finish report_check_types -max_slew -max_cap -max_fanout -violators
--------------------------------------------------------------------------

==========================================================================
finish max_slew_check_slack
--------------------------------------------------------------------------
0.13231493532657623

==========================================================================
finish max_slew_check_limit
--------------------------------------------------------------------------
0.1985349953174591

==========================================================================
finish max_slew_check_slack_limit
--------------------------------------------------------------------------
0.6665

==========================================================================
finish max_fanout_check_slack
--------------------------------------------------------------------------
1.0000000150474662e+30

==========================================================================
finish max_fanout_check_limit
--------------------------------------------------------------------------
1.0000000150474662e+30

==========================================================================
finish max_capacitance_check_slack
--------------------------------------------------------------------------
8.46387767791748

==========================================================================
finish max_capacitance_check_limit
--------------------------------------------------------------------------
10.47130012512207

==========================================================================
finish max_capacitance_check_slack_limit
--------------------------------------------------------------------------
0.8083

==========================================================================
finish max_slew_violation_count
--------------------------------------------------------------------------
max slew violation count 0

==========================================================================
finish max_fanout_violation_count
--------------------------------------------------------------------------
max fanout violation count 0

==========================================================================
finish max_cap_violation_count
--------------------------------------------------------------------------
max cap violation count 0

==========================================================================
finish setup_violation_count
--------------------------------------------------------------------------
setup violation count 0

==========================================================================
finish hold_violation_count
--------------------------------------------------------------------------
hold violation count 0

==========================================================================
finish critical path delay
--------------------------------------------------------------------------
-1

==========================================================================
finish critical path slack
--------------------------------------------------------------------------
0

==========================================================================
finish slack div critical path delay
--------------------------------------------------------------------------
0.000000

==========================================================================
finish report_power
--------------------------------------------------------------------------
Group                  Internal  Switching    Leakage      Total
                          Power      Power      Power      Power (Watts)
----------------------------------------------------------------
Sequential             0.00e+00   0.00e+00   0.00e+00   0.00e+00   0.0%
Combinational          2.30e-05   2.24e-05   2.62e-06   4.80e-05 100.0%
Clock                  0.00e+00   0.00e+00   0.00e+00   0.00e+00   0.0%
Macro                  0.00e+00   0.00e+00   0.00e+00   0.00e+00   0.0%
Pad                    0.00e+00   0.00e+00   0.00e+00   0.00e+00   0.0%
----------------------------------------------------------------
Total                  2.30e-05   2.24e-05   2.62e-06   4.80e-05 100.0%
                          47.9%      46.6%       5.5%
