
==========================================================================
finish report_tns
--------------------------------------------------------------------------
tns 0.00

==========================================================================
finish report_wns
--------------------------------------------------------------------------
wns 0.00

==========================================================================
finish report_worst_slack
--------------------------------------------------------------------------
worst slack INF

==========================================================================
finish report_clock_skew
--------------------------------------------------------------------------
Clock clk
No launch/capture paths found.


==========================================================================
finish report_checks -path_delay min
--------------------------------------------------------------------------
No paths found.

==========================================================================
finish report_checks -path_delay max
--------------------------------------------------------------------------
No paths found.

==========================================================================
finish report_checks -unconstrained
--------------------------------------------------------------------------
Startpoint: float_b[6] (input port)
Endpoint: out9450[14] (output port)
Path Group: unconstrained
Path Type: max

Fanout     Cap    Slew   Delay    Time   Description
-----------------------------------------------------------------------------
                          0.00    0.00 v input external delay
     1    1.67    0.00    0.00    0.00 v float_b[6] (in)
                                         float_b[6] (net)
                  0.00    0.00    0.00 v input25/A (BUF_X1)
     3    9.10    0.01    0.03    0.03 v input25/Z (BUF_X1)
                                         net25 (net)
                  0.01    0.00    0.03 v _0717_/A (CLKBUF_X2)
     6   10.86    0.01    0.04    0.07 v _0717_/Z (CLKBUF_X2)
                                         _0012_ (net)
                  0.01    0.00    0.08 v _0718_/A2 (AND2_X1)
     1    2.79    0.01    0.04    0.11 v _0718_/ZN (AND2_X1)
                                         _0440_ (net)
                  0.01    0.00    0.11 v _1221_/CI (FA_X1)
     1    1.89    0.01    0.11    0.22 ^ _1221_/S (FA_X1)
                                         _0442_ (net)
                  0.01    0.00    0.22 ^ _1001_/A (INV_X1)
     1    3.91    0.01    0.01    0.23 v _1001_/ZN (INV_X1)
                                         _0443_ (net)
                  0.01    0.00    0.23 v _1222_/A (FA_X1)
     1    1.96    0.01    0.11    0.34 ^ _1222_/S (FA_X1)
                                         _0445_ (net)
                  0.01    0.00    0.34 ^ _0969_/A (INV_X1)
     1    4.40    0.01    0.01    0.36 v _0969_/ZN (INV_X1)
                                         _0446_ (net)
                  0.01    0.00    0.36 v _1223_/A (FA_X1)
     1    1.81    0.01    0.11    0.47 ^ _1223_/S (FA_X1)
                                         _0450_ (net)
                  0.01    0.00    0.47 ^ _1002_/A (INV_X1)
     1    3.59    0.01    0.01    0.48 v _1002_/ZN (INV_X1)
                                         _0457_ (net)
                  0.01    0.00    0.48 v _1225_/B (FA_X1)
     1    1.72    0.01    0.12    0.59 ^ _1225_/S (FA_X1)
                                         _0459_ (net)
                  0.01    0.00    0.59 ^ _1022_/A (INV_X1)
     1    3.16    0.01    0.01    0.61 v _1022_/ZN (INV_X1)
                                         _0576_ (net)
                  0.01    0.00    0.61 v _1258_/A (HA_X1)
     1    1.34    0.01    0.05    0.65 v _1258_/S (HA_X1)
                                         _0578_ (net)
                  0.01    0.00    0.65 v _0749_/A (CLKBUF_X3)
     6   19.31    0.02    0.05    0.70 v _0749_/Z (CLKBUF_X3)
                                         _0035_ (net)
                  0.02    0.00    0.70 v _0750_/B1 (AOI21_X2)
     2    6.18    0.03    0.04    0.74 ^ _0750_/ZN (AOI21_X2)
                                         _0036_ (net)
                  0.03    0.00    0.74 ^ _0758_/B1 (OAI221_X4)
     5   16.45    0.01    0.07    0.81 v _0758_/ZN (OAI221_X4)
                                         _0044_ (net)
                  0.01    0.00    0.81 v _0802_/B2 (AOI221_X2)
     2   10.13    0.06    0.10    0.92 ^ _0802_/ZN (AOI221_X2)
                                         _0088_ (net)
                  0.06    0.00    0.92 ^ _0803_/B (XOR2_X2)
     7   34.64    0.09    0.13    1.05 ^ _0803_/Z (XOR2_X2)
                                         _0089_ (net)
                  0.09    0.00    1.05 ^ _0843_/A2 (NAND4_X4)
     2    9.43    0.03    0.05    1.10 v _0843_/ZN (NAND4_X4)
                                         _0129_ (net)
                  0.03    0.00    1.10 v _0844_/C2 (OAI211_X4)
    10   34.93    0.05    0.08    1.18 ^ _0844_/ZN (OAI211_X4)
                                         _0130_ (net)
                  0.05    0.00    1.18 ^ _0845_/A2 (NAND2_X4)
    10   23.99    0.02    0.03    1.21 v _0845_/ZN (NAND2_X4)
                                         _0641_ (net)
                  0.02    0.00    1.21 v _0891_/S (MUX2_X1)
     2    5.89    0.02    0.06    1.28 ^ _0891_/Z (MUX2_X1)
                                         _0173_ (net)
                  0.02    0.00    1.28 ^ _0909_/A1 (OR4_X1)
     1    3.19    0.01    0.03    1.31 ^ _0909_/ZN (OR4_X1)
                                         _0191_ (net)
                  0.01    0.00    1.31 ^ _0917_/C1 (OAI211_X2)
     1    1.60    0.02    0.02    1.33 v _0917_/ZN (OAI211_X2)
                                         _0199_ (net)
                  0.02    0.00    1.33 v _0921_/B1 (AOI21_X1)
     1    4.29    0.03    0.04    1.37 ^ _0921_/ZN (AOI21_X1)
                                         _0633_ (net)
                  0.03    0.00    1.37 ^ _1281_/B (HA_X1)
     2    5.15    0.02    0.05    1.42 ^ _1281_/CO (HA_X1)
                                         _0634_ (net)
                  0.02    0.00    1.42 ^ _1282_/A (HA_X1)
     3    6.19    0.02    0.04    1.46 ^ _1282_/CO (HA_X1)
                                         _0637_ (net)
                  0.02    0.00    1.46 ^ _1127_/A1 (NAND3_X2)
     4    7.35    0.02    0.03    1.49 v _1127_/ZN (NAND3_X2)
                                         _0323_ (net)
                  0.02    0.00    1.49 v _1128_/A2 (NOR2_X2)
     5   13.47    0.04    0.06    1.55 ^ _1128_/ZN (NOR2_X2)
                                         _0649_ (net)
                  0.04    0.00    1.55 ^ _1286_/B (HA_X1)
     2    5.30    0.02    0.05    1.59 ^ _1286_/CO (HA_X1)
                                         _0650_ (net)
                  0.02    0.00    1.59 ^ _1152_/A1 (NAND3_X1)
     2    4.74    0.02    0.03    1.62 v _1152_/ZN (NAND3_X1)
                                         _0339_ (net)
                  0.02    0.00    1.62 v _1158_/A3 (NOR3_X1)
     2    4.44    0.04    0.07    1.70 ^ _1158_/ZN (NOR3_X1)
                                         _0343_ (net)
                  0.04    0.00    1.70 ^ _1169_/A2 (NAND3_X1)
     1    2.57    0.02    0.03    1.73 v _1169_/ZN (NAND3_X1)
                                         _0352_ (net)
                  0.02    0.00    1.73 v _1172_/A (XNOR2_X1)
     1    2.44    0.01    0.04    1.77 v _1172_/ZN (XNOR2_X1)
                                         _0355_ (net)
                  0.01    0.00    1.77 v _1173_/B (XNOR2_X1)
     1    2.46    0.01    0.04    1.81 v _1173_/ZN (XNOR2_X1)
                                         _0356_ (net)
                  0.01    0.00    1.81 v _1174_/B (XNOR2_X1)
     1    2.25    0.01    0.04    1.85 v _1174_/ZN (XNOR2_X1)
                                         _0357_ (net)
                  0.01    0.00    1.85 v _1178_/A (XNOR2_X1)
     1    2.15    0.01    0.04    1.89 v _1178_/ZN (XNOR2_X1)
                                         _0361_ (net)
                  0.01    0.00    1.89 v _1179_/A2 (NOR2_X1)
     1    1.03    0.01    0.03    1.92 ^ _1179_/ZN (NOR2_X1)
                                         net34 (net)
                  0.01    0.00    1.92 ^ output34/A (BUF_X1)
     1    0.70    0.01    0.02    1.94 ^ output34/Z (BUF_X1)
                                         out9450[14] (net)
                  0.01    0.00    1.94 ^ out9450[14] (out)
                                  1.94   data arrival time
-----------------------------------------------------------------------------
(Path is unconstrained)



==========================================================================
finish report_check_types -max_slew -max_cap -max_fanout -violators
--------------------------------------------------------------------------

==========================================================================
finish max_slew_check_slack
--------------------------------------------------------------------------
0.0752921923995018

==========================================================================
finish max_slew_check_limit
--------------------------------------------------------------------------
0.1985349953174591

==========================================================================
finish max_slew_check_slack_limit
--------------------------------------------------------------------------
0.3792

==========================================================================
finish max_fanout_check_slack
--------------------------------------------------------------------------
1.0000000150474662e+30

==========================================================================
finish max_fanout_check_limit
--------------------------------------------------------------------------
1.0000000150474662e+30

==========================================================================
finish max_capacitance_check_slack
--------------------------------------------------------------------------
0.8619796633720398

==========================================================================
finish max_capacitance_check_limit
--------------------------------------------------------------------------
11.482199668884277

==========================================================================
finish max_capacitance_check_slack_limit
--------------------------------------------------------------------------
0.0751

==========================================================================
finish max_slew_violation_count
--------------------------------------------------------------------------
max slew violation count 0

==========================================================================
finish max_fanout_violation_count
--------------------------------------------------------------------------
max fanout violation count 0

==========================================================================
finish max_cap_violation_count
--------------------------------------------------------------------------
max cap violation count 0

==========================================================================
finish setup_violation_count
--------------------------------------------------------------------------
setup violation count 0

==========================================================================
finish hold_violation_count
--------------------------------------------------------------------------
hold violation count 0

==========================================================================
finish critical path delay
--------------------------------------------------------------------------
-1

==========================================================================
finish critical path slack
--------------------------------------------------------------------------
0

==========================================================================
finish slack div critical path delay
--------------------------------------------------------------------------
0.000000

==========================================================================
finish report_power
--------------------------------------------------------------------------
Group                  Internal  Switching    Leakage      Total
                          Power      Power      Power      Power (Watts)
----------------------------------------------------------------
Sequential             0.00e+00   0.00e+00   0.00e+00   0.00e+00   0.0%
Combinational          3.77e-03   3.66e-03   2.49e-05   7.46e-03 100.0%
Clock                  0.00e+00   0.00e+00   0.00e+00   0.00e+00   0.0%
Macro                  0.00e+00   0.00e+00   0.00e+00   0.00e+00   0.0%
Pad                    0.00e+00   0.00e+00   0.00e+00   0.00e+00   0.0%
----------------------------------------------------------------
Total                  3.77e-03   3.66e-03   2.49e-05   7.46e-03 100.0%
                          50.5%      49.1%       0.3%
