
==========================================================================
finish report_tns
--------------------------------------------------------------------------
tns 0.00

==========================================================================
finish report_wns
--------------------------------------------------------------------------
wns 0.00

==========================================================================
finish report_worst_slack
--------------------------------------------------------------------------
worst slack INF

==========================================================================
finish report_clock_skew
--------------------------------------------------------------------------
Clock clk
No launch/capture paths found.


==========================================================================
finish report_checks -path_delay min
--------------------------------------------------------------------------
No paths found.

==========================================================================
finish report_checks -path_delay max
--------------------------------------------------------------------------
No paths found.

==========================================================================
finish report_checks -unconstrained
--------------------------------------------------------------------------
Startpoint: leading_zeros[0] (input port)
Endpoint: out3874[3] (output port)
Path Group: unconstrained
Path Type: max

Fanout     Cap    Slew   Delay    Time   Description
-----------------------------------------------------------------------------
                          0.00    0.00 v input external delay
     1    1.99    0.00    0.00    0.00 v leading_zeros[0] (in)
                                         leading_zeros[0] (net)
                  0.00    0.00    0.00 v input1/A (CLKBUF_X2)
     3   10.52    0.01    0.03    0.03 v input1/Z (CLKBUF_X2)
                                         net1 (net)
                  0.01    0.00    0.03 v _081_/A (BUF_X4)
    10   19.60    0.01    0.03    0.07 v _081_/Z (BUF_X4)
                                         _011_ (net)
                  0.01    0.00    0.07 v _096_/S (MUX2_X1)
     1    1.82    0.01    0.05    0.12 ^ _096_/Z (MUX2_X1)
                                         _024_ (net)
                  0.01    0.00    0.12 ^ _097_/A2 (NAND2_X1)
     2    2.64    0.01    0.02    0.13 v _097_/ZN (NAND2_X1)
                                         _025_ (net)
                  0.01    0.00    0.13 v _100_/A2 (AND3_X1)
     1    1.60    0.01    0.03    0.17 v _100_/ZN (AND3_X1)
                                         _027_ (net)
                  0.01    0.00    0.17 v _101_/A3 (NOR3_X1)
     1    3.40    0.04    0.06    0.23 ^ _101_/ZN (NOR3_X1)
                                         _055_ (net)
                  0.04    0.00    0.23 ^ _146_/A (HA_X1)
     2    5.48    0.02    0.05    0.28 ^ _146_/CO (HA_X1)
                                         _057_ (net)
                  0.02    0.00    0.28 ^ _147_/B (HA_X1)
     1    1.80    0.01    0.03    0.31 ^ _147_/CO (HA_X1)
                                         _060_ (net)
                  0.01    0.00    0.31 ^ _124_/A (INV_X1)
     4    6.98    0.01    0.02    0.33 v _124_/ZN (INV_X1)
                                         _047_ (net)
                  0.01    0.00    0.33 v _126_/A3 (NOR3_X1)
     1    3.06    0.04    0.06    0.39 ^ _126_/ZN (NOR3_X1)
                                         _049_ (net)
                  0.04    0.00    0.39 ^ _127_/B1 (AOI22_X2)
     2    4.95    0.02    0.03    0.42 v _127_/ZN (AOI22_X2)
                                         _050_ (net)
                  0.02    0.00    0.42 v _128_/A2 (NOR2_X2)
     3    7.93    0.03    0.04    0.46 ^ _128_/ZN (NOR2_X2)
                                         _073_ (net)
                  0.03    0.00    0.46 ^ _152_/A (HA_X1)
     2    5.07    0.02    0.04    0.50 ^ _152_/CO (HA_X1)
                                         _075_ (net)
                  0.02    0.00    0.50 ^ _139_/A2 (NAND3_X1)
     1    2.46    0.01    0.02    0.53 v _139_/ZN (NAND3_X1)
                                         _003_ (net)
                  0.01    0.00    0.53 v _141_/A (XOR2_X1)
     1    2.21    0.01    0.05    0.58 v _141_/Z (XOR2_X1)
                                         _005_ (net)
                  0.01    0.00    0.58 v _144_/A (XNOR2_X1)
     1    2.64    0.01    0.04    0.62 v _144_/ZN (XNOR2_X1)
                                         net22 (net)
                  0.01    0.00    0.62 v output22/A (BUF_X1)
     1    1.13    0.01    0.03    0.65 v output22/Z (BUF_X1)
                                         out3874[3] (net)
                  0.01    0.00    0.65 v out3874[3] (out)
                                  0.65   data arrival time
-----------------------------------------------------------------------------
(Path is unconstrained)



==========================================================================
finish report_check_types -max_slew -max_cap -max_fanout -violators
--------------------------------------------------------------------------

==========================================================================
finish max_slew_check_slack
--------------------------------------------------------------------------
0.11030197143554688

==========================================================================
finish max_slew_check_limit
--------------------------------------------------------------------------
0.1985349953174591

==========================================================================
finish max_slew_check_slack_limit
--------------------------------------------------------------------------
0.5556

==========================================================================
finish max_fanout_check_slack
--------------------------------------------------------------------------
1.0000000150474662e+30

==========================================================================
finish max_fanout_check_limit
--------------------------------------------------------------------------
1.0000000150474662e+30

==========================================================================
finish max_capacitance_check_slack
--------------------------------------------------------------------------
5.626327037811279

==========================================================================
finish max_capacitance_check_limit
--------------------------------------------------------------------------
11.482199668884277

==========================================================================
finish max_capacitance_check_slack_limit
--------------------------------------------------------------------------
0.4900

==========================================================================
finish max_slew_violation_count
--------------------------------------------------------------------------
max slew violation count 0

==========================================================================
finish max_fanout_violation_count
--------------------------------------------------------------------------
max fanout violation count 0

==========================================================================
finish max_cap_violation_count
--------------------------------------------------------------------------
max cap violation count 0

==========================================================================
finish setup_violation_count
--------------------------------------------------------------------------
setup violation count 0

==========================================================================
finish hold_violation_count
--------------------------------------------------------------------------
hold violation count 0

==========================================================================
finish critical path delay
--------------------------------------------------------------------------
-1

==========================================================================
finish critical path slack
--------------------------------------------------------------------------
0

==========================================================================
finish slack div critical path delay
--------------------------------------------------------------------------
0.000000

==========================================================================
finish report_power
--------------------------------------------------------------------------
Group                  Internal  Switching    Leakage      Total
                          Power      Power      Power      Power (Watts)
----------------------------------------------------------------
Sequential             0.00e+00   0.00e+00   0.00e+00   0.00e+00   0.0%
Combinational          6.48e-05   5.03e-05   3.08e-06   1.18e-04 100.0%
Clock                  0.00e+00   0.00e+00   0.00e+00   0.00e+00   0.0%
Macro                  0.00e+00   0.00e+00   0.00e+00   0.00e+00   0.0%
Pad                    0.00e+00   0.00e+00   0.00e+00   0.00e+00   0.0%
----------------------------------------------------------------
Total                  6.48e-05   5.03e-05   3.08e-06   1.18e-04 100.0%
                          54.8%      42.6%       2.6%
