
==========================================================================
finish report_tns
--------------------------------------------------------------------------
tns 0.00

==========================================================================
finish report_wns
--------------------------------------------------------------------------
wns 0.00

==========================================================================
finish report_worst_slack
--------------------------------------------------------------------------
worst slack INF

==========================================================================
finish report_clock_skew
--------------------------------------------------------------------------
Clock clk
No launch/capture paths found.


==========================================================================
finish report_checks -path_delay min
--------------------------------------------------------------------------
No paths found.

==========================================================================
finish report_checks -path_delay max
--------------------------------------------------------------------------
No paths found.

==========================================================================
finish report_checks -unconstrained
--------------------------------------------------------------------------
Startpoint: float_a[2] (input port)
Endpoint: out10766[12] (output port)
Path Group: unconstrained
Path Type: max

Fanout     Cap    Slew   Delay    Time   Description
-----------------------------------------------------------------------------
                          0.00    0.00 v input external delay
     1    1.88    0.00    0.00    0.00 v float_a[2] (in)
                                         float_a[2] (net)
                  0.00    0.00    0.00 v input9/A (BUF_X1)
     2    7.26    0.01    0.03    0.03 v input9/Z (BUF_X1)
                                         net9 (net)
                  0.01    0.00    0.03 v _344_/A (CLKBUF_X2)
     7   11.88    0.02    0.04    0.07 v _344_/Z (CLKBUF_X2)
                                         _004_ (net)
                  0.02    0.00    0.07 v _391_/A1 (AND2_X1)
     1    3.46    0.01    0.04    0.11 v _391_/ZN (AND2_X1)
                                         _148_ (net)
                  0.01    0.00    0.11 v _557_/B (FA_X1)
     1    2.01    0.01    0.12    0.23 ^ _557_/S (FA_X1)
                                         _151_ (net)
                  0.01    0.00    0.23 ^ _415_/A (INV_X1)
     1    3.84    0.01    0.01    0.24 v _415_/ZN (INV_X1)
                                         _152_ (net)
                  0.01    0.00    0.24 v _558_/A (FA_X1)
     1    2.55    0.01    0.11    0.35 ^ _558_/S (FA_X1)
                                         _155_ (net)
                  0.01    0.00    0.35 ^ _381_/A (INV_X1)
     1    3.80    0.01    0.01    0.36 v _381_/ZN (INV_X1)
                                         _156_ (net)
                  0.01    0.00    0.36 v _559_/A (FA_X1)
     1    3.57    0.01    0.12    0.48 ^ _559_/S (FA_X1)
                                         _160_ (net)
                  0.01    0.00    0.48 ^ _561_/B (FA_X1)
     1    3.49    0.02    0.10    0.58 v _561_/S (FA_X1)
                                         _169_ (net)
                  0.02    0.00    0.58 v _591_/A (HA_X1)
     1    1.70    0.01    0.05    0.63 v _591_/S (HA_X1)
                                         _273_ (net)
                  0.01    0.00    0.63 v _486_/A (BUF_X2)
     4    9.32    0.01    0.03    0.66 v _486_/Z (BUF_X2)
                                         _041_ (net)
                  0.01    0.00    0.66 v _487_/A3 (NAND3_X1)
     1    3.55    0.02    0.02    0.69 ^ _487_/ZN (NAND3_X1)
                                         _042_ (net)
                  0.02    0.00    0.69 ^ _491_/B1 (OAI221_X2)
     2    4.49    0.02    0.03    0.72 v _491_/ZN (OAI221_X2)
                                         _046_ (net)
                  0.02    0.00    0.72 v _505_/A4 (NOR4_X1)
     1    2.11    0.05    0.09    0.80 ^ _505_/ZN (NOR4_X1)
                                         _058_ (net)
                  0.05    0.00    0.80 ^ _508_/A1 (NOR3_X1)
     1    2.66    0.01    0.01    0.82 v _508_/ZN (NOR3_X1)
                                         _061_ (net)
                  0.01    0.00    0.82 v _509_/B (XOR2_X1)
     1    2.51    0.02    0.06    0.88 v _509_/Z (XOR2_X1)
                                         net42 (net)
                  0.02    0.00    0.88 v output42/A (BUF_X1)
     1    0.90    0.00    0.03    0.91 v output42/Z (BUF_X1)
                                         out10766[12] (net)
                  0.00    0.00    0.91 v out10766[12] (out)
                                  0.91   data arrival time
-----------------------------------------------------------------------------
(Path is unconstrained)



==========================================================================
finish report_check_types -max_slew -max_cap -max_fanout -violators
--------------------------------------------------------------------------

==========================================================================
finish max_slew_check_slack
--------------------------------------------------------------------------
0.15020227432250977

==========================================================================
finish max_slew_check_limit
--------------------------------------------------------------------------
0.1985349953174591

==========================================================================
finish max_slew_check_slack_limit
--------------------------------------------------------------------------
0.7566

==========================================================================
finish max_fanout_check_slack
--------------------------------------------------------------------------
1.0000000150474662e+30

==========================================================================
finish max_fanout_check_limit
--------------------------------------------------------------------------
1.0000000150474662e+30

==========================================================================
finish max_capacitance_check_slack
--------------------------------------------------------------------------
8.358166694641113

==========================================================================
finish max_capacitance_check_limit
--------------------------------------------------------------------------
10.47130012512207

==========================================================================
finish max_capacitance_check_slack_limit
--------------------------------------------------------------------------
0.7982

==========================================================================
finish max_slew_violation_count
--------------------------------------------------------------------------
max slew violation count 0

==========================================================================
finish max_fanout_violation_count
--------------------------------------------------------------------------
max fanout violation count 0

==========================================================================
finish max_cap_violation_count
--------------------------------------------------------------------------
max cap violation count 0

==========================================================================
finish setup_violation_count
--------------------------------------------------------------------------
setup violation count 0

==========================================================================
finish hold_violation_count
--------------------------------------------------------------------------
hold violation count 0

==========================================================================
finish critical path delay
--------------------------------------------------------------------------
-1

==========================================================================
finish critical path slack
--------------------------------------------------------------------------
0

==========================================================================
finish slack div critical path delay
--------------------------------------------------------------------------
0.000000

==========================================================================
finish report_power
--------------------------------------------------------------------------
Group                  Internal  Switching    Leakage      Total
                          Power      Power      Power      Power (Watts)
----------------------------------------------------------------
Sequential             0.00e+00   0.00e+00   0.00e+00   0.00e+00   0.0%
Combinational          6.68e-04   5.04e-04   1.16e-05   1.18e-03 100.0%
Clock                  0.00e+00   0.00e+00   0.00e+00   0.00e+00   0.0%
Macro                  0.00e+00   0.00e+00   0.00e+00   0.00e+00   0.0%
Pad                    0.00e+00   0.00e+00   0.00e+00   0.00e+00   0.0%
----------------------------------------------------------------
Total                  6.68e-04   5.04e-04   1.16e-05   1.18e-03 100.0%
                          56.4%      42.6%       1.0%
