
==========================================================================
finish report_tns
--------------------------------------------------------------------------
tns 0.00

==========================================================================
finish report_wns
--------------------------------------------------------------------------
wns 0.00

==========================================================================
finish report_worst_slack
--------------------------------------------------------------------------
worst slack INF

==========================================================================
finish report_clock_skew
--------------------------------------------------------------------------
Clock clk
No launch/capture paths found.


==========================================================================
finish report_checks -path_delay min
--------------------------------------------------------------------------
No paths found.

==========================================================================
finish report_checks -path_delay max
--------------------------------------------------------------------------
No paths found.

==========================================================================
finish report_checks -unconstrained
--------------------------------------------------------------------------
Startpoint: leading_zeros[1] (input port)
Endpoint: out22141[7] (output port)
Path Group: unconstrained
Path Type: max

Fanout     Cap    Slew   Delay    Time   Description
-----------------------------------------------------------------------------
                          0.00    0.00 v input external delay
     1    1.71    0.00    0.00    0.00 v leading_zeros[1] (in)
                                         leading_zeros[1] (net)
                  0.00    0.00    0.00 v input2/A (CLKBUF_X2)
     2    8.94    0.01    0.03    0.03 v input2/Z (CLKBUF_X2)
                                         net2 (net)
                  0.01    0.00    0.03 v _0695_/A (CLKBUF_X3)
     6   18.08    0.02    0.05    0.08 v _0695_/Z (CLKBUF_X3)
                                         _0017_ (net)
                  0.02    0.00    0.08 v _0703_/A (INV_X2)
     5   15.20    0.02    0.03    0.11 ^ _0703_/ZN (INV_X2)
                                         _0025_ (net)
                  0.02    0.00    0.11 ^ _0745_/A (BUF_X4)
    10   32.58    0.02    0.04    0.15 ^ _0745_/Z (BUF_X4)
                                         _0067_ (net)
                  0.02    0.00    0.15 ^ _0755_/A (BUF_X4)
    10   28.32    0.02    0.04    0.19 ^ _0755_/Z (BUF_X4)
                                         _0077_ (net)
                  0.02    0.00    0.19 ^ _0756_/A (CLKBUF_X3)
    10   23.80    0.02    0.05    0.24 ^ _0756_/Z (CLKBUF_X3)
                                         _0078_ (net)
                  0.02    0.00    0.24 ^ _0757_/B2 (AOI21_X1)
     1    3.32    0.01    0.02    0.26 v _0757_/ZN (AOI21_X1)
                                         _0079_ (net)
                  0.01    0.00    0.26 v _0760_/C1 (OAI221_X2)
     2    4.96    0.04    0.04    0.30 ^ _0760_/ZN (OAI221_X2)
                                         _0082_ (net)
                  0.04    0.00    0.30 ^ _0761_/B1 (AOI21_X1)
     1    1.37    0.02    0.02    0.32 v _0761_/ZN (AOI21_X1)
                                         _0083_ (net)
                  0.02    0.00    0.32 v _0762_/B (MUX2_X1)
     1    1.64    0.01    0.06    0.38 v _0762_/Z (MUX2_X1)
                                         _0084_ (net)
                  0.01    0.00    0.38 v _0763_/B2 (AOI21_X1)
     1    3.65    0.03    0.04    0.42 ^ _0763_/ZN (AOI21_X1)
                                         _0085_ (net)
                  0.03    0.00    0.42 ^ _0800_/A (AOI221_X2)
     2    2.72    0.02    0.02    0.44 v _0800_/ZN (AOI221_X2)
                                         _0122_ (net)
                  0.02    0.00    0.44 v _0895_/A2 (OR3_X1)
     1    1.99    0.01    0.08    0.52 v _0895_/ZN (OR3_X1)
                                         _0217_ (net)
                  0.01    0.00    0.52 v _0896_/B2 (AOI21_X1)
     1    3.63    0.03    0.04    0.56 ^ _0896_/ZN (AOI21_X1)
                                         _0639_ (net)
                  0.03    0.00    0.56 ^ _1349_/B (HA_X1)
     2    5.51    0.02    0.05    0.61 ^ _1349_/CO (HA_X1)
                                         _0640_ (net)
                  0.02    0.00    0.61 ^ _1350_/B (HA_X1)
     2    5.48    0.02    0.04    0.65 ^ _1350_/CO (HA_X1)
                                         _0643_ (net)
                  0.02    0.00    0.65 ^ _1063_/A1 (NAND3_X2)
     2    6.56    0.02    0.03    0.68 v _1063_/ZN (NAND3_X2)
                                         _0383_ (net)
                  0.02    0.00    0.68 v _1090_/A2 (NOR4_X4)
     7   15.96    0.06    0.09    0.77 ^ _1090_/ZN (NOR4_X4)
                                         _0410_ (net)
                  0.06    0.00    0.77 ^ _1176_/A1 (NAND3_X1)
     1    1.58    0.02    0.03    0.80 v _1176_/ZN (NAND3_X1)
                                         _0496_ (net)
                  0.02    0.00    0.80 v _1177_/A2 (NOR2_X1)
     1    3.30    0.02    0.04    0.84 ^ _1177_/ZN (NOR2_X1)
                                         _0497_ (net)
                  0.02    0.00    0.84 ^ _1214_/A1 (NAND3_X2)
     3   10.63    0.02    0.03    0.87 v _1214_/ZN (NAND3_X2)
                                         _0631_ (net)
                  0.02    0.00    0.88 v _1347_/CI (FA_X1)
     1    2.00    0.01    0.07    0.95 v _1347_/CO (FA_X1)
                                         _0632_ (net)
                  0.01    0.00    0.95 v _1226_/A (INV_X1)
     1    4.04    0.01    0.02    0.97 ^ _1226_/ZN (INV_X1)
                                         _0673_ (net)
                  0.01    0.00    0.97 ^ _1362_/B (HA_X1)
     2    6.85    0.02    0.05    1.01 ^ _1362_/CO (HA_X1)
                                         _0634_ (net)
                  0.02    0.00    1.01 ^ _1348_/A (FA_X1)
     2    4.55    0.02    0.06    1.07 ^ _1348_/CO (FA_X1)
                                         _0637_ (net)
                  0.02    0.00    1.07 ^ _1334_/B2 (AOI21_X1)
     1    2.32    0.02    0.02    1.09 v _1334_/ZN (AOI21_X1)
                                         _0620_ (net)
                  0.02    0.00    1.09 v _1335_/B1 (OAI21_X1)
     2    4.43    0.03    0.04    1.13 ^ _1335_/ZN (OAI21_X1)
                                         _0621_ (net)
                  0.03    0.00    1.13 ^ _1341_/B1 (AOI21_X1)
     1    1.67    0.01    0.02    1.15 v _1341_/ZN (AOI21_X1)
                                         _0625_ (net)
                  0.01    0.00    1.15 v _1342_/A (INV_X1)
     1    1.80    0.01    0.01    1.16 ^ _1342_/ZN (INV_X1)
                                         _0626_ (net)
                  0.01    0.00    1.16 ^ _1343_/B1 (AOI21_X1)
     1    2.32    0.01    0.01    1.18 v _1343_/ZN (AOI21_X1)
                                         _0627_ (net)
                  0.01    0.00    1.18 v _1346_/A (XNOR2_X1)
     1    0.93    0.01    0.04    1.22 v _1346_/ZN (XNOR2_X1)
                                         net91 (net)
                  0.01    0.00    1.22 v output91/A (BUF_X1)
     1    0.38    0.00    0.02    1.24 v output91/Z (BUF_X1)
                                         out22141[7] (net)
                  0.00    0.00    1.24 v out22141[7] (out)
                                  1.24   data arrival time
-----------------------------------------------------------------------------
(Path is unconstrained)



==========================================================================
finish report_check_types -max_slew -max_cap -max_fanout -violators
--------------------------------------------------------------------------

==========================================================================
finish max_slew_check_slack
--------------------------------------------------------------------------
0.10439231246709824

==========================================================================
finish max_slew_check_limit
--------------------------------------------------------------------------
0.1985349953174591

==========================================================================
finish max_slew_check_slack_limit
--------------------------------------------------------------------------
0.5258

==========================================================================
finish max_fanout_check_slack
--------------------------------------------------------------------------
1.0000000150474662e+30

==========================================================================
finish max_fanout_check_limit
--------------------------------------------------------------------------
1.0000000150474662e+30

==========================================================================
finish max_capacitance_check_slack
--------------------------------------------------------------------------
4.841584205627441

==========================================================================
finish max_capacitance_check_limit
--------------------------------------------------------------------------
11.482199668884277

==========================================================================
finish max_capacitance_check_slack_limit
--------------------------------------------------------------------------
0.4217

==========================================================================
finish max_slew_violation_count
--------------------------------------------------------------------------
max slew violation count 0

==========================================================================
finish max_fanout_violation_count
--------------------------------------------------------------------------
max fanout violation count 0

==========================================================================
finish max_cap_violation_count
--------------------------------------------------------------------------
max cap violation count 0

==========================================================================
finish setup_violation_count
--------------------------------------------------------------------------
setup violation count 0

==========================================================================
finish hold_violation_count
--------------------------------------------------------------------------
hold violation count 0

==========================================================================
finish critical path delay
--------------------------------------------------------------------------
-1

==========================================================================
finish critical path slack
--------------------------------------------------------------------------
0

==========================================================================
finish slack div critical path delay
--------------------------------------------------------------------------
0.000000

==========================================================================
finish report_power
--------------------------------------------------------------------------
Group                  Internal  Switching    Leakage      Total
                          Power      Power      Power      Power (Watts)
----------------------------------------------------------------
Sequential             0.00e+00   0.00e+00   0.00e+00   0.00e+00   0.0%
Combinational          2.62e-04   2.73e-04   3.25e-05   5.68e-04 100.0%
Clock                  0.00e+00   0.00e+00   0.00e+00   0.00e+00   0.0%
Macro                  0.00e+00   0.00e+00   0.00e+00   0.00e+00   0.0%
Pad                    0.00e+00   0.00e+00   0.00e+00   0.00e+00   0.0%
----------------------------------------------------------------
Total                  2.62e-04   2.73e-04   3.25e-05   5.68e-04 100.0%
                          46.2%      48.1%       5.7%
