
==========================================================================
finish report_tns
--------------------------------------------------------------------------
tns 0.00

==========================================================================
finish report_wns
--------------------------------------------------------------------------
wns 0.00

==========================================================================
finish report_worst_slack
--------------------------------------------------------------------------
worst slack INF

==========================================================================
finish report_clock_skew
--------------------------------------------------------------------------
Clock clk
No launch/capture paths found.


==========================================================================
finish report_checks -path_delay min
--------------------------------------------------------------------------
No paths found.

==========================================================================
finish report_checks -path_delay max
--------------------------------------------------------------------------
No paths found.

==========================================================================
finish report_checks -unconstrained
--------------------------------------------------------------------------
Startpoint: leading_zeros[1] (input port)
Endpoint: out11824[6] (output port)
Path Group: unconstrained
Path Type: max

Fanout     Cap    Slew   Delay    Time   Description
-----------------------------------------------------------------------------
                          0.00    0.00 ^ input external delay
     1    9.65    0.00    0.00    0.00 ^ leading_zeros[1] (in)
                                         leading_zeros[1] (net)
                  0.00    0.00    0.00 ^ _193_/A (BUF_X8)
     7   20.08    0.01    0.02    0.02 ^ _193_/Z (BUF_X8)
                                         _134_ (net)
                  0.01    0.00    0.02 ^ _194_/A (BUF_X8)
    10   24.04    0.01    0.02    0.05 ^ _194_/Z (BUF_X8)
                                         _135_ (net)
                  0.01    0.00    0.05 ^ _203_/S (MUX2_X1)
     2    2.27    0.01    0.06    0.11 v _203_/Z (MUX2_X1)
                                         _143_ (net)
                  0.01    0.00    0.11 v _207_/A (MUX2_X1)
     3    5.07    0.01    0.07    0.17 v _207_/Z (MUX2_X1)
                                         _000_ (net)
                  0.01    0.00    0.17 v _225_/A3 (OR4_X1)
     1    1.70    0.02    0.11    0.29 v _225_/ZN (OR4_X1)
                                         _018_ (net)
                  0.02    0.00    0.29 v _226_/B1 (AOI21_X1)
     1    2.67    0.03    0.03    0.32 ^ _226_/ZN (AOI21_X1)
                                         _019_ (net)
                  0.03    0.00    0.32 ^ _237_/B1 (AOI21_X1)
     1    3.50    0.02    0.02    0.34 v _237_/ZN (AOI21_X1)
                                         _160_ (net)
                  0.02    0.00    0.34 v _374_/B (HA_X1)
     2    5.02    0.01    0.04    0.38 v _374_/CO (HA_X1)
                                         _161_ (net)
                  0.01    0.00    0.38 v _375_/A (HA_X1)
     4    4.95    0.01    0.03    0.42 v _375_/CO (HA_X1)
                                         _164_ (net)
                  0.01    0.00    0.42 v _320_/A1 (AND3_X1)
     4    6.22    0.01    0.04    0.46 v _320_/ZN (AND3_X1)
                                         _098_ (net)
                  0.01    0.00    0.46 v _321_/A3 (AND3_X2)
     4   10.96    0.01    0.04    0.50 v _321_/ZN (AND3_X2)
                                         _189_ (net)
                  0.01    0.00    0.50 v _384_/B (HA_X1)
     2    4.99    0.01    0.04    0.54 v _384_/CO (HA_X1)
                                         _190_ (net)
                  0.01    0.00    0.54 v _385_/A (HA_X1)
     2    4.40    0.01    0.03    0.57 v _385_/CO (HA_X1)
                                         _192_ (net)
                  0.01    0.00    0.57 v _356_/A2 (NAND3_X1)
     2    5.12    0.02    0.03    0.59 ^ _356_/ZN (NAND3_X1)
                                         _123_ (net)
                  0.02    0.00    0.59 ^ _363_/A1 (NOR2_X1)
     1    2.60    0.01    0.01    0.61 v _363_/ZN (NOR2_X1)
                                         _128_ (net)
                  0.01    0.00    0.61 v _364_/B (XOR2_X1)
     1    1.44    0.01    0.05    0.66 v _364_/Z (XOR2_X1)
                                         net40 (net)
                  0.01    0.00    0.66 v output40/A (BUF_X1)
     1    1.23    0.01    0.03    0.69 v output40/Z (BUF_X1)
                                         out11824[6] (net)
                  0.01    0.00    0.69 v out11824[6] (out)
                                  0.69   data arrival time
-----------------------------------------------------------------------------
(Path is unconstrained)



==========================================================================
finish report_check_types -max_slew -max_cap -max_fanout -violators
--------------------------------------------------------------------------

==========================================================================
finish max_slew_check_slack
--------------------------------------------------------------------------
0.13315977156162262

==========================================================================
finish max_slew_check_limit
--------------------------------------------------------------------------
0.1985349953174591

==========================================================================
finish max_slew_check_slack_limit
--------------------------------------------------------------------------
0.6707

==========================================================================
finish max_fanout_check_slack
--------------------------------------------------------------------------
1.0000000150474662e+30

==========================================================================
finish max_fanout_check_limit
--------------------------------------------------------------------------
1.0000000150474662e+30

==========================================================================
finish max_capacitance_check_slack
--------------------------------------------------------------------------
7.764871120452881

==========================================================================
finish max_capacitance_check_limit
--------------------------------------------------------------------------
10.47130012512207

==========================================================================
finish max_capacitance_check_slack_limit
--------------------------------------------------------------------------
0.7415

==========================================================================
finish max_slew_violation_count
--------------------------------------------------------------------------
max slew violation count 0

==========================================================================
finish max_fanout_violation_count
--------------------------------------------------------------------------
max fanout violation count 0

==========================================================================
finish max_cap_violation_count
--------------------------------------------------------------------------
max cap violation count 0

==========================================================================
finish setup_violation_count
--------------------------------------------------------------------------
setup violation count 0

==========================================================================
finish hold_violation_count
--------------------------------------------------------------------------
hold violation count 0

==========================================================================
finish critical path delay
--------------------------------------------------------------------------
-1

==========================================================================
finish critical path slack
--------------------------------------------------------------------------
0

==========================================================================
finish slack div critical path delay
--------------------------------------------------------------------------
0.000000

==========================================================================
finish report_power
--------------------------------------------------------------------------
Group                  Internal  Switching    Leakage      Total
                          Power      Power      Power      Power (Watts)
----------------------------------------------------------------
Sequential             0.00e+00   0.00e+00   0.00e+00   0.00e+00   0.0%
Combinational          1.14e-04   9.48e-05   7.74e-06   2.16e-04 100.0%
Clock                  0.00e+00   0.00e+00   0.00e+00   0.00e+00   0.0%
Macro                  0.00e+00   0.00e+00   0.00e+00   0.00e+00   0.0%
Pad                    0.00e+00   0.00e+00   0.00e+00   0.00e+00   0.0%
----------------------------------------------------------------
Total                  1.14e-04   9.48e-05   7.74e-06   2.16e-04 100.0%
                          52.6%      43.8%       3.6%
